<?xml version="1.0" encoding="UTF-8"?>
<testsuite name="com.software.florence.FlorenceApplicationTests" tests="1" skipped="0" failures="0" errors="0" timestamp="2017-09-28T21:39:52" hostname="eduardo-ouriques" time="0.063">
  <properties/>
  <testcase name="contextLoads" classname="com.software.florence.FlorenceApplicationTests" time="0.063"/>
  <system-out><![CDATA[18:39:37.249 [Test worker] DEBUG org.springframework.test.context.junit4.SpringJUnit4ClassRunner - SpringJUnit4ClassRunner constructor called with [class com.software.florence.FlorenceApplicationTests]
18:39:37.254 [Test worker] DEBUG org.springframework.test.context.BootstrapUtils - Instantiating CacheAwareContextLoaderDelegate from class [org.springframework.test.context.cache.DefaultCacheAwareContextLoaderDelegate]
18:39:37.263 [Test worker] DEBUG org.springframework.test.context.BootstrapUtils - Instantiating BootstrapContext using constructor [public org.springframework.test.context.support.DefaultBootstrapContext(java.lang.Class,org.springframework.test.context.CacheAwareContextLoaderDelegate)]
18:39:37.276 [Test worker] DEBUG org.springframework.test.context.BootstrapUtils - Instantiating TestContextBootstrapper for test class [com.software.florence.FlorenceApplicationTests] from class [org.springframework.boot.test.context.SpringBootTestContextBootstrapper]
18:39:37.287 [Test worker] INFO org.springframework.boot.test.context.SpringBootTestContextBootstrapper - Neither @ContextConfiguration nor @ContextHierarchy found for test class [com.software.florence.FlorenceApplicationTests], using SpringBootContextLoader
18:39:37.291 [Test worker] DEBUG org.springframework.test.context.support.AbstractContextLoader - Did not detect default resource location for test class [com.software.florence.FlorenceApplicationTests]: class path resource [com/software/florence/FlorenceApplicationTests-context.xml] does not exist
18:39:37.291 [Test worker] DEBUG org.springframework.test.context.support.AbstractContextLoader - Did not detect default resource location for test class [com.software.florence.FlorenceApplicationTests]: class path resource [com/software/florence/FlorenceApplicationTestsContext.groovy] does not exist
18:39:37.292 [Test worker] INFO org.springframework.test.context.support.AbstractContextLoader - Could not detect default resource locations for test class [com.software.florence.FlorenceApplicationTests]: no resource found for suffixes {-context.xml, Context.groovy}.
18:39:37.292 [Test worker] INFO org.springframework.test.context.support.AnnotationConfigContextLoaderUtils - Could not detect default configuration classes for test class [com.software.florence.FlorenceApplicationTests]: FlorenceApplicationTests does not declare any static, non-private, non-final, nested classes annotated with @Configuration.
18:39:37.333 [Test worker] DEBUG org.springframework.test.context.support.ActiveProfilesUtils - Could not find an 'annotation declaring class' for annotation type [org.springframework.test.context.ActiveProfiles] and class [com.software.florence.FlorenceApplicationTests]
18:39:37.344 [Test worker] DEBUG org.springframework.core.env.StandardEnvironment - Adding [systemProperties] PropertySource with lowest search precedence
18:39:37.345 [Test worker] DEBUG org.springframework.core.env.StandardEnvironment - Adding [systemEnvironment] PropertySource with lowest search precedence
18:39:37.345 [Test worker] DEBUG org.springframework.core.env.StandardEnvironment - Initialized StandardEnvironment with PropertySources [systemProperties,systemEnvironment]
18:39:37.356 [Test worker] DEBUG org.springframework.core.io.support.PathMatchingResourcePatternResolver - Resolved classpath location [com/software/florence/] to resources [URL [file:/home/eduardo-ouriques/git_repository/florence-gradle/build/classes/test/com/software/florence/], URL [file:/home/eduardo-ouriques/git_repository/florence-gradle/build/classes/main/com/software/florence/]]
18:39:37.357 [Test worker] DEBUG org.springframework.core.io.support.PathMatchingResourcePatternResolver - Looking for matching resources in directory tree [/home/eduardo-ouriques/git_repository/florence-gradle/build/classes/test/com/software/florence]
18:39:37.357 [Test worker] DEBUG org.springframework.core.io.support.PathMatchingResourcePatternResolver - Searching directory [/home/eduardo-ouriques/git_repository/florence-gradle/build/classes/test/com/software/florence] for files matching pattern [/home/eduardo-ouriques/git_repository/florence-gradle/build/classes/test/com/software/florence/*.class]
18:39:37.360 [Test worker] DEBUG org.springframework.core.io.support.PathMatchingResourcePatternResolver - Looking for matching resources in directory tree [/home/eduardo-ouriques/git_repository/florence-gradle/build/classes/main/com/software/florence]
18:39:37.360 [Test worker] DEBUG org.springframework.core.io.support.PathMatchingResourcePatternResolver - Searching directory [/home/eduardo-ouriques/git_repository/florence-gradle/build/classes/main/com/software/florence] for files matching pattern [/home/eduardo-ouriques/git_repository/florence-gradle/build/classes/main/com/software/florence/*.class]
18:39:37.361 [Test worker] DEBUG org.springframework.core.io.support.PathMatchingResourcePatternResolver - Resolved location pattern [classpath*:com/software/florence/*.class] to resources [file [/home/eduardo-ouriques/git_repository/florence-gradle/build/classes/test/com/software/florence/FlorenceApplicationTests.class], file [/home/eduardo-ouriques/git_repository/florence-gradle/build/classes/main/com/software/florence/FlorenceApplication.class]]
18:39:37.416 [Test worker] DEBUG org.springframework.context.annotation.ClassPathScanningCandidateComponentProvider - Identified candidate component class: file [/home/eduardo-ouriques/git_repository/florence-gradle/build/classes/main/com/software/florence/FlorenceApplication.class]
18:39:37.417 [Test worker] INFO org.springframework.boot.test.context.SpringBootTestContextBootstrapper - Found @SpringBootConfiguration com.software.florence.FlorenceApplication for test class com.software.florence.FlorenceApplicationTests
18:39:37.421 [Test worker] DEBUG org.springframework.boot.test.context.SpringBootTestContextBootstrapper - @TestExecutionListeners is not present for class [com.software.florence.FlorenceApplicationTests]: using defaults.
18:39:37.426 [Test worker] INFO org.springframework.boot.test.context.SpringBootTestContextBootstrapper - Loaded default TestExecutionListener class names from location [META-INF/spring.factories]: [org.springframework.security.test.context.support.WithSecurityContextTestExecutionListener, org.springframework.boot.test.mock.mockito.MockitoTestExecutionListener, org.springframework.boot.test.mock.mockito.ResetMocksTestExecutionListener, org.springframework.boot.test.autoconfigure.restdocs.RestDocsTestExecutionListener, org.springframework.boot.test.autoconfigure.web.client.MockRestServiceServerResetTestExecutionListener, org.springframework.boot.test.autoconfigure.web.servlet.MockMvcPrintOnlyOnFailureTestExecutionListener, org.springframework.boot.test.autoconfigure.web.servlet.WebDriverTestExecutionListener, org.springframework.test.context.web.ServletTestExecutionListener, org.springframework.test.context.support.DirtiesContextBeforeModesTestExecutionListener, org.springframework.test.context.support.DependencyInjectionTestExecutionListener, org.springframework.test.context.support.DirtiesContextTestExecutionListener, org.springframework.test.context.transaction.TransactionalTestExecutionListener, org.springframework.test.context.jdbc.SqlScriptsTestExecutionListener]
18:39:37.445 [Test worker] INFO org.springframework.boot.test.context.SpringBootTestContextBootstrapper - Using TestExecutionListeners: [org.springframework.test.context.web.ServletTestExecutionListener@6292a382, org.springframework.test.context.support.DirtiesContextBeforeModesTestExecutionListener@1e3bff4f, org.springframework.boot.test.autoconfigure.SpringBootDependencyInjectionTestExecutionListener@18b7c65c, org.springframework.test.context.support.DirtiesContextTestExecutionListener@1d91d92b, org.springframework.test.context.transaction.TransactionalTestExecutionListener@6ae8f7a8, org.springframework.test.context.jdbc.SqlScriptsTestExecutionListener@2be8bc3d, org.springframework.security.test.context.support.WithSecurityContextTestExecutionListener@d4b0a3a, org.springframework.boot.test.autoconfigure.web.servlet.MockMvcPrintOnlyOnFailureTestExecutionListener@1e00c239, org.springframework.boot.test.autoconfigure.web.client.MockRestServiceServerResetTestExecutionListener@337833e6, org.springframework.boot.test.mock.mockito.MockitoTestExecutionListener@5d9f78e0, org.springframework.boot.test.autoconfigure.restdocs.RestDocsTestExecutionListener@850b3b3, org.springframework.boot.test.autoconfigure.web.servlet.WebDriverTestExecutionListener@10d9b98a, org.springframework.boot.test.mock.mockito.ResetMocksTestExecutionListener@624c5f74]
18:39:37.448 [Test worker] DEBUG org.springframework.test.annotation.ProfileValueUtils - Retrieved @ProfileValueSourceConfiguration [null] for test class [com.software.florence.FlorenceApplicationTests]
18:39:37.449 [Test worker] DEBUG org.springframework.test.annotation.ProfileValueUtils - Retrieved ProfileValueSource type [class org.springframework.test.annotation.SystemProfileValueSource] for class [com.software.florence.FlorenceApplicationTests]
18:39:37.450 [Test worker] DEBUG org.springframework.test.annotation.ProfileValueUtils - Retrieved @ProfileValueSourceConfiguration [null] for test class [com.software.florence.FlorenceApplicationTests]
18:39:37.450 [Test worker] DEBUG org.springframework.test.annotation.ProfileValueUtils - Retrieved ProfileValueSource type [class org.springframework.test.annotation.SystemProfileValueSource] for class [com.software.florence.FlorenceApplicationTests]
18:39:37.456 [Test worker] DEBUG org.springframework.test.context.support.AbstractDirtiesContextTestExecutionListener - Before test class: context [DefaultTestContext@2443dd37 testClass = FlorenceApplicationTests, testInstance = [null], testMethod = [null], testException = [null], mergedContextConfiguration = [WebMergedContextConfiguration@42291d8d testClass = FlorenceApplicationTests, locations = '{}', classes = '{class com.software.florence.FlorenceApplication}', contextInitializerClasses = '[]', activeProfiles = '{}', propertySourceLocations = '{}', propertySourceProperties = '{org.springframework.boot.test.context.SpringBootTestContextBootstrapper=true}', contextCustomizers = set[org.springframework.boot.test.context.SpringBootTestContextCustomizer@3f632deb, org.springframework.boot.test.context.filter.ExcludeFilterContextCustomizer@24d9998c, org.springframework.boot.test.json.DuplicateJsonObjectContextCustomizerFactory$DuplicateJsonObjectContextCustomizer@6e8afb8e, org.springframework.boot.test.mock.mockito.MockitoContextCustomizer@0, org.springframework.boot.test.autoconfigure.properties.PropertyMappingContextCustomizer@0, org.springframework.boot.test.autoconfigure.web.servlet.WebDriverContextCustomizerFactory$Customizer@1a9cb83c], resourceBasePath = 'src/main/webapp', contextLoader = 'org.springframework.boot.test.context.SpringBootContextLoader', parent = [null]]], class annotated with @DirtiesContext [false] with mode [null].
18:39:37.457 [Test worker] DEBUG org.springframework.test.annotation.ProfileValueUtils - Retrieved @ProfileValueSourceConfiguration [null] for test class [com.software.florence.FlorenceApplicationTests]
18:39:37.457 [Test worker] DEBUG org.springframework.test.annotation.ProfileValueUtils - Retrieved ProfileValueSource type [class org.springframework.test.annotation.SystemProfileValueSource] for class [com.software.florence.FlorenceApplicationTests]
18:39:37.519 [Test worker] DEBUG org.springframework.core.env.StandardEnvironment - Adding [systemProperties] PropertySource with lowest search precedence
18:39:37.520 [Test worker] DEBUG org.springframework.core.env.StandardEnvironment - Adding [systemEnvironment] PropertySource with lowest search precedence
18:39:37.520 [Test worker] DEBUG org.springframework.core.env.StandardEnvironment - Initialized StandardEnvironment with PropertySources [systemProperties,systemEnvironment]
18:39:37.522 [Test worker] DEBUG org.springframework.core.env.MutablePropertySources - Adding [inline] PropertySource with highest search precedence
18:39:37.541 [Test worker] DEBUG org.springframework.test.context.support.TestPropertySourceUtils - Adding inlined properties to environment: {spring.jmx.enabled=false, org.springframework.boot.test.context.SpringBootTestContextBootstrapper=true, server.port=-1}
18:39:37.542 [Test worker] DEBUG org.springframework.core.env.StandardEnvironment - Adding [Inlined Test Properties] PropertySource with highest search precedence

  .   ____          _            __ _ _
 /\\ / ___'_ __ _ _(_)_ __  __ _ \ \ \ \
( ( )\___ | '_ | '_| | '_ \/ _` | \ \ \ \
 \\/  ___)| |_)| | | | | || (_| |  ) ) ) )
  '  |____| .__|_| |_|_| |_\__, | / / / /
 =========|_|==============|___/=/_/_/_/
 :: Spring Boot ::        (v1.5.6.RELEASE)

2017-09-28 18:39:37.880  INFO 1346 --- [    Test worker] c.s.florence.FlorenceApplicationTests    : Starting FlorenceApplicationTests on eduardo-ouriques with PID 1346 (started by eduardo-ouriques in /home/eduardo-ouriques/git_repository/florence-gradle)
2017-09-28 18:39:37.882  INFO 1346 --- [    Test worker] c.s.florence.FlorenceApplicationTests    : No active profile set, falling back to default profiles: default
2017-09-28 18:39:37.944  INFO 1346 --- [    Test worker] o.s.w.c.s.GenericWebApplicationContext   : Refreshing org.springframework.web.context.support.GenericWebApplicationContext@46b6c16a: startup date [Thu Sep 28 18:39:37 BRT 2017]; root of context hierarchy
2017-09-28 18:39:39.813  INFO 1346 --- [    Test worker] o.s.b.f.s.DefaultListableBeanFactory     : Overriding bean definition for bean 'httpRequestHandlerAdapter' with a different definition: replacing [Root bean: class [null]; scope=; abstract=false; lazyInit=false; autowireMode=3; dependencyCheck=0; autowireCandidate=true; primary=false; factoryBeanName=org.springframework.boot.autoconfigure.web.WebMvcAutoConfiguration$EnableWebMvcConfiguration; factoryMethodName=httpRequestHandlerAdapter; initMethodName=null; destroyMethodName=(inferred); defined in class path resource [org/springframework/boot/autoconfigure/web/WebMvcAutoConfiguration$EnableWebMvcConfiguration.class]] with [Root bean: class [null]; scope=; abstract=false; lazyInit=false; autowireMode=3; dependencyCheck=0; autowireCandidate=true; primary=false; factoryBeanName=org.springframework.data.rest.webmvc.config.RepositoryRestMvcConfiguration; factoryMethodName=httpRequestHandlerAdapter; initMethodName=null; destroyMethodName=(inferred); defined in class path resource [org/springframework/data/rest/webmvc/config/RepositoryRestMvcConfiguration.class]]
2017-09-28 18:39:40.724  INFO 1346 --- [    Test worker] trationDelegate$BeanPostProcessorChecker : Bean 'org.springframework.transaction.annotation.ProxyTransactionManagementConfiguration' of type [org.springframework.transaction.annotation.ProxyTransactionManagementConfiguration$$EnhancerBySpringCGLIB$$649057f9] is not eligible for getting processed by all BeanPostProcessors (for example: not eligible for auto-proxying)
2017-09-28 18:39:44.055  INFO 1346 --- [    Test worker] j.LocalContainerEntityManagerFactoryBean : Building JPA container EntityManagerFactory for persistence unit 'default'
2017-09-28 18:39:44.079  INFO 1346 --- [    Test worker] o.hibernate.jpa.internal.util.LogHelper  : HHH000204: Processing PersistenceUnitInfo [
	name: default
	...]
2017-09-28 18:39:44.188  INFO 1346 --- [    Test worker] org.hibernate.Version                    : HHH000412: Hibernate Core {5.0.12.Final}
2017-09-28 18:39:44.190  INFO 1346 --- [    Test worker] org.hibernate.cfg.Environment            : HHH000206: hibernate.properties not found
2017-09-28 18:39:44.194  INFO 1346 --- [    Test worker] org.hibernate.cfg.Environment            : HHH000021: Bytecode provider name : javassist
2017-09-28 18:39:44.262  INFO 1346 --- [    Test worker] o.hibernate.annotations.common.Version   : HCANN000001: Hibernate Commons Annotations {5.0.1.Final}
2017-09-28 18:39:44.554  INFO 1346 --- [    Test worker] org.hibernate.dialect.Dialect            : HHH000400: Using dialect: org.hibernate.dialect.MySQL5Dialect
2017-09-28 18:39:46.054  INFO 1346 --- [    Test worker] j.LocalContainerEntityManagerFactoryBean : Initialized JPA EntityManagerFactory for persistence unit 'default'
2017-09-28 18:39:48.250  INFO 1346 --- [    Test worker] s.w.s.m.m.a.RequestMappingHandlerMapping : Mapped "{[/aprovacao/processo-doacao/{id}],methods=[GET]}" onto public org.springframework.http.ResponseEntity<com.software.florence.entity.Aprovacao> com.software.florence.resource.AprovacaoResource.findByProcessoDoacaoId(java.lang.Long)
2017-09-28 18:39:48.252  INFO 1346 --- [    Test worker] s.w.s.m.m.a.RequestMappingHandlerMapping : Mapped "{[/aprovacao],methods=[GET]}" onto public org.springframework.http.ResponseEntity<java.lang.Iterable<ENTITY>> com.software.florence.common.pattern.application.resource.AbstractResource.findAll()
2017-09-28 18:39:48.252  INFO 1346 --- [    Test worker] s.w.s.m.m.a.RequestMappingHandlerMapping : Mapped "{[/aprovacao/{id}],methods=[GET]}" onto public org.springframework.http.ResponseEntity<ENTITY> com.software.florence.common.pattern.application.resource.AbstractResource.findById(PK)
2017-09-28 18:39:48.253  INFO 1346 --- [    Test worker] s.w.s.m.m.a.RequestMappingHandlerMapping : Mapped "{[/aprovacao/count],methods=[GET]}" onto public org.springframework.http.ResponseEntity<java.lang.Long> com.software.florence.common.pattern.application.resource.AbstractResource.count()
2017-09-28 18:39:48.253  INFO 1346 --- [    Test worker] s.w.s.m.m.a.RequestMappingHandlerMapping : Mapped "{[/aprovacao],methods=[PUT],consumes=[application/json],produces=[application/json]}" onto public org.springframework.http.ResponseEntity<ENTITY> com.software.florence.common.pattern.application.resource.AbstractResource.update(ENTITY)
2017-09-28 18:39:48.254  INFO 1346 --- [    Test worker] s.w.s.m.m.a.RequestMappingHandlerMapping : Mapped "{[/aprovacao/{id}],methods=[DELETE]}" onto public org.springframework.http.ResponseEntity<ENTITY> com.software.florence.common.pattern.application.resource.AbstractResource.delete(PK)
2017-09-28 18:39:48.254  INFO 1346 --- [    Test worker] s.w.s.m.m.a.RequestMappingHandlerMapping : Mapped "{[/aprovacao],methods=[POST],consumes=[application/json],produces=[application/json]}" onto public org.springframework.http.ResponseEntity<com.software.florence.common.pattern.application.resource.Resposta> com.software.florence.common.pattern.application.resource.AbstractResource.save(ENTITY)
2017-09-28 18:39:48.257  INFO 1346 --- [    Test worker] s.w.s.m.m.a.RequestMappingHandlerMapping : Mapped "{[/cirurgia],methods=[GET]}" onto public org.springframework.http.ResponseEntity<java.lang.Iterable<ENTITY>> com.software.florence.common.pattern.application.resource.AbstractResource.findAll()
2017-09-28 18:39:48.258  INFO 1346 --- [    Test worker] s.w.s.m.m.a.RequestMappingHandlerMapping : Mapped "{[/cirurgia/{id}],methods=[GET]}" onto public org.springframework.http.ResponseEntity<ENTITY> com.software.florence.common.pattern.application.resource.AbstractResource.findById(PK)
2017-09-28 18:39:48.258  INFO 1346 --- [    Test worker] s.w.s.m.m.a.RequestMappingHandlerMapping : Mapped "{[/cirurgia/count],methods=[GET]}" onto public org.springframework.http.ResponseEntity<java.lang.Long> com.software.florence.common.pattern.application.resource.AbstractResource.count()
2017-09-28 18:39:48.259  INFO 1346 --- [    Test worker] s.w.s.m.m.a.RequestMappingHandlerMapping : Mapped "{[/cirurgia],methods=[PUT],consumes=[application/json],produces=[application/json]}" onto public org.springframework.http.ResponseEntity<ENTITY> com.software.florence.common.pattern.application.resource.AbstractResource.update(ENTITY)
2017-09-28 18:39:48.259  INFO 1346 --- [    Test worker] s.w.s.m.m.a.RequestMappingHandlerMapping : Mapped "{[/cirurgia/{id}],methods=[DELETE]}" onto public org.springframework.http.ResponseEntity<ENTITY> com.software.florence.common.pattern.application.resource.AbstractResource.delete(PK)
2017-09-28 18:39:48.260  INFO 1346 --- [    Test worker] s.w.s.m.m.a.RequestMappingHandlerMapping : Mapped "{[/cirurgia],methods=[POST],consumes=[application/json],produces=[application/json]}" onto public org.springframework.http.ResponseEntity<com.software.florence.common.pattern.application.resource.Resposta> com.software.florence.common.pattern.application.resource.AbstractResource.save(ENTITY)
2017-09-28 18:39:48.264  INFO 1346 --- [    Test worker] s.w.s.m.m.a.RequestMappingHandlerMapping : Mapped "{[/comunicacao-processo-doacao/processo-doacao/{id}],methods=[GET]}" onto public org.springframework.http.ResponseEntity<com.software.florence.entity.ComunicacaoProcessoDoacao> com.software.florence.resource.ComunicacaoProcessoDoacaoResource.findByProcessoDoacaoId(java.lang.Long)
2017-09-28 18:39:48.264  INFO 1346 --- [    Test worker] s.w.s.m.m.a.RequestMappingHandlerMapping : Mapped "{[/comunicacao-processo-doacao],methods=[GET]}" onto public org.springframework.http.ResponseEntity<java.lang.Iterable<ENTITY>> com.software.florence.common.pattern.application.resource.AbstractResource.findAll()
2017-09-28 18:39:48.265  INFO 1346 --- [    Test worker] s.w.s.m.m.a.RequestMappingHandlerMapping : Mapped "{[/comunicacao-processo-doacao/{id}],methods=[GET]}" onto public org.springframework.http.ResponseEntity<ENTITY> com.software.florence.common.pattern.application.resource.AbstractResource.findById(PK)
2017-09-28 18:39:48.265  INFO 1346 --- [    Test worker] s.w.s.m.m.a.RequestMappingHandlerMapping : Mapped "{[/comunicacao-processo-doacao/count],methods=[GET]}" onto public org.springframework.http.ResponseEntity<java.lang.Long> com.software.florence.common.pattern.application.resource.AbstractResource.count()
2017-09-28 18:39:48.266  INFO 1346 --- [    Test worker] s.w.s.m.m.a.RequestMappingHandlerMapping : Mapped "{[/comunicacao-processo-doacao],methods=[PUT],consumes=[application/json],produces=[application/json]}" onto public org.springframework.http.ResponseEntity<ENTITY> com.software.florence.common.pattern.application.resource.AbstractResource.update(ENTITY)
2017-09-28 18:39:48.266  INFO 1346 --- [    Test worker] s.w.s.m.m.a.RequestMappingHandlerMapping : Mapped "{[/comunicacao-processo-doacao/{id}],methods=[DELETE]}" onto public org.springframework.http.ResponseEntity<ENTITY> com.software.florence.common.pattern.application.resource.AbstractResource.delete(PK)
2017-09-28 18:39:48.267  INFO 1346 --- [    Test worker] s.w.s.m.m.a.RequestMappingHandlerMapping : Mapped "{[/comunicacao-processo-doacao],methods=[POST],consumes=[application/json],produces=[application/json]}" onto public org.springframework.http.ResponseEntity<com.software.florence.common.pattern.application.resource.Resposta> com.software.florence.common.pattern.application.resource.AbstractResource.save(ENTITY)
2017-09-28 18:39:48.269  INFO 1346 --- [    Test worker] s.w.s.m.m.a.RequestMappingHandlerMapping : Mapped "{[/doenca-atual/processo-doacao/{id}],methods=[GET]}" onto public org.springframework.http.ResponseEntity<com.software.florence.entity.DoencaAtual> com.software.florence.resource.DoencaAtualResource.findByProcessoDoacaoId(java.lang.Long)
2017-09-28 18:39:48.269  INFO 1346 --- [    Test worker] s.w.s.m.m.a.RequestMappingHandlerMapping : Mapped "{[/doenca-atual],methods=[GET]}" onto public org.springframework.http.ResponseEntity<java.lang.Iterable<ENTITY>> com.software.florence.common.pattern.application.resource.AbstractResource.findAll()
2017-09-28 18:39:48.270  INFO 1346 --- [    Test worker] s.w.s.m.m.a.RequestMappingHandlerMapping : Mapped "{[/doenca-atual/{id}],methods=[GET]}" onto public org.springframework.http.ResponseEntity<ENTITY> com.software.florence.common.pattern.application.resource.AbstractResource.findById(PK)
2017-09-28 18:39:48.270  INFO 1346 --- [    Test worker] s.w.s.m.m.a.RequestMappingHandlerMapping : Mapped "{[/doenca-atual/count],methods=[GET]}" onto public org.springframework.http.ResponseEntity<java.lang.Long> com.software.florence.common.pattern.application.resource.AbstractResource.count()
2017-09-28 18:39:48.271  INFO 1346 --- [    Test worker] s.w.s.m.m.a.RequestMappingHandlerMapping : Mapped "{[/doenca-atual],methods=[PUT],consumes=[application/json],produces=[application/json]}" onto public org.springframework.http.ResponseEntity<ENTITY> com.software.florence.common.pattern.application.resource.AbstractResource.update(ENTITY)
2017-09-28 18:39:48.272  INFO 1346 --- [    Test worker] s.w.s.m.m.a.RequestMappingHandlerMapping : Mapped "{[/doenca-atual/{id}],methods=[DELETE]}" onto public org.springframework.http.ResponseEntity<ENTITY> com.software.florence.common.pattern.application.resource.AbstractResource.delete(PK)
2017-09-28 18:39:48.272  INFO 1346 --- [    Test worker] s.w.s.m.m.a.RequestMappingHandlerMapping : Mapped "{[/doenca-atual],methods=[POST],consumes=[application/json],produces=[application/json]}" onto public org.springframework.http.ResponseEntity<com.software.florence.common.pattern.application.resource.Resposta> com.software.florence.common.pattern.application.resource.AbstractResource.save(ENTITY)
2017-09-28 18:39:48.275  INFO 1346 --- [    Test worker] s.w.s.m.m.a.RequestMappingHandlerMapping : Mapped "{[/doenca-previa/processo-doacao/{id}],methods=[GET]}" onto public org.springframework.http.ResponseEntity<com.software.florence.entity.DoencaPrevia> com.software.florence.resource.DoencaPreviaResource.findByProcessoDoacaoId(java.lang.Long)
2017-09-28 18:39:48.275  INFO 1346 --- [    Test worker] s.w.s.m.m.a.RequestMappingHandlerMapping : Mapped "{[/doenca-previa],methods=[GET]}" onto public org.springframework.http.ResponseEntity<java.lang.Iterable<ENTITY>> com.software.florence.common.pattern.application.resource.AbstractResource.findAll()
2017-09-28 18:39:48.276  INFO 1346 --- [    Test worker] s.w.s.m.m.a.RequestMappingHandlerMapping : Mapped "{[/doenca-previa/{id}],methods=[GET]}" onto public org.springframework.http.ResponseEntity<ENTITY> com.software.florence.common.pattern.application.resource.AbstractResource.findById(PK)
2017-09-28 18:39:48.278  INFO 1346 --- [    Test worker] s.w.s.m.m.a.RequestMappingHandlerMapping : Mapped "{[/doenca-previa/count],methods=[GET]}" onto public org.springframework.http.ResponseEntity<java.lang.Long> com.software.florence.common.pattern.application.resource.AbstractResource.count()
2017-09-28 18:39:48.279  INFO 1346 --- [    Test worker] s.w.s.m.m.a.RequestMappingHandlerMapping : Mapped "{[/doenca-previa],methods=[PUT],consumes=[application/json],produces=[application/json]}" onto public org.springframework.http.ResponseEntity<ENTITY> com.software.florence.common.pattern.application.resource.AbstractResource.update(ENTITY)
2017-09-28 18:39:48.279  INFO 1346 --- [    Test worker] s.w.s.m.m.a.RequestMappingHandlerMapping : Mapped "{[/doenca-previa/{id}],methods=[DELETE]}" onto public org.springframework.http.ResponseEntity<ENTITY> com.software.florence.common.pattern.application.resource.AbstractResource.delete(PK)
2017-09-28 18:39:48.280  INFO 1346 --- [    Test worker] s.w.s.m.m.a.RequestMappingHandlerMapping : Mapped "{[/doenca-previa],methods=[POST],consumes=[application/json],produces=[application/json]}" onto public org.springframework.http.ResponseEntity<com.software.florence.common.pattern.application.resource.Resposta> com.software.florence.common.pattern.application.resource.AbstractResource.save(ENTITY)
2017-09-28 18:39:48.283  INFO 1346 --- [    Test worker] s.w.s.m.m.a.RequestMappingHandlerMapping : Mapped "{[/dva/processo-doacao/{id}],methods=[GET]}" onto public org.springframework.http.ResponseEntity<com.software.florence.entity.Dva> com.software.florence.resource.DvaResource.findByProcessoDoacaoId(java.lang.Long)
2017-09-28 18:39:48.284  INFO 1346 --- [    Test worker] s.w.s.m.m.a.RequestMappingHandlerMapping : Mapped "{[/dva],methods=[GET]}" onto public org.springframework.http.ResponseEntity<java.lang.Iterable<ENTITY>> com.software.florence.common.pattern.application.resource.AbstractResource.findAll()
2017-09-28 18:39:48.284  INFO 1346 --- [    Test worker] s.w.s.m.m.a.RequestMappingHandlerMapping : Mapped "{[/dva/{id}],methods=[GET]}" onto public org.springframework.http.ResponseEntity<ENTITY> com.software.florence.common.pattern.application.resource.AbstractResource.findById(PK)
2017-09-28 18:39:48.285  INFO 1346 --- [    Test worker] s.w.s.m.m.a.RequestMappingHandlerMapping : Mapped "{[/dva/count],methods=[GET]}" onto public org.springframework.http.ResponseEntity<java.lang.Long> com.software.florence.common.pattern.application.resource.AbstractResource.count()
2017-09-28 18:39:48.285  INFO 1346 --- [    Test worker] s.w.s.m.m.a.RequestMappingHandlerMapping : Mapped "{[/dva],methods=[PUT],consumes=[application/json],produces=[application/json]}" onto public org.springframework.http.ResponseEntity<ENTITY> com.software.florence.common.pattern.application.resource.AbstractResource.update(ENTITY)
2017-09-28 18:39:48.286  INFO 1346 --- [    Test worker] s.w.s.m.m.a.RequestMappingHandlerMapping : Mapped "{[/dva/{id}],methods=[DELETE]}" onto public org.springframework.http.ResponseEntity<ENTITY> com.software.florence.common.pattern.application.resource.AbstractResource.delete(PK)
2017-09-28 18:39:48.286  INFO 1346 --- [    Test worker] s.w.s.m.m.a.RequestMappingHandlerMapping : Mapped "{[/dva],methods=[POST],consumes=[application/json],produces=[application/json]}" onto public org.springframework.http.ResponseEntity<com.software.florence.common.pattern.application.resource.Resposta> com.software.florence.common.pattern.application.resource.AbstractResource.save(ENTITY)
2017-09-28 18:39:48.290  INFO 1346 --- [    Test worker] s.w.s.m.m.a.RequestMappingHandlerMapping : Mapped "{[/entrevista-familiar/processo-doacao/{id}],methods=[GET]}" onto public org.springframework.http.ResponseEntity<com.software.florence.entity.EntrevistaFamiliar> com.software.florence.resource.EntrevistaFamiliarResource.findByProcessoDoacaoId(java.lang.Long)
2017-09-28 18:39:48.292  INFO 1346 --- [    Test worker] s.w.s.m.m.a.RequestMappingHandlerMapping : Mapped "{[/entrevista-familiar],methods=[GET]}" onto public org.springframework.http.ResponseEntity<java.lang.Iterable<ENTITY>> com.software.florence.common.pattern.application.resource.AbstractResource.findAll()
2017-09-28 18:39:48.293  INFO 1346 --- [    Test worker] s.w.s.m.m.a.RequestMappingHandlerMapping : Mapped "{[/entrevista-familiar/{id}],methods=[GET]}" onto public org.springframework.http.ResponseEntity<ENTITY> com.software.florence.common.pattern.application.resource.AbstractResource.findById(PK)
2017-09-28 18:39:48.294  INFO 1346 --- [    Test worker] s.w.s.m.m.a.RequestMappingHandlerMapping : Mapped "{[/entrevista-familiar/count],methods=[GET]}" onto public org.springframework.http.ResponseEntity<java.lang.Long> com.software.florence.common.pattern.application.resource.AbstractResource.count()
2017-09-28 18:39:48.295  INFO 1346 --- [    Test worker] s.w.s.m.m.a.RequestMappingHandlerMapping : Mapped "{[/entrevista-familiar],methods=[PUT],consumes=[application/json],produces=[application/json]}" onto public org.springframework.http.ResponseEntity<ENTITY> com.software.florence.common.pattern.application.resource.AbstractResource.update(ENTITY)
2017-09-28 18:39:48.296  INFO 1346 --- [    Test worker] s.w.s.m.m.a.RequestMappingHandlerMapping : Mapped "{[/entrevista-familiar/{id}],methods=[DELETE]}" onto public org.springframework.http.ResponseEntity<ENTITY> com.software.florence.common.pattern.application.resource.AbstractResource.delete(PK)
2017-09-28 18:39:48.296  INFO 1346 --- [    Test worker] s.w.s.m.m.a.RequestMappingHandlerMapping : Mapped "{[/entrevista-familiar],methods=[POST],consumes=[application/json],produces=[application/json]}" onto public org.springframework.http.ResponseEntity<com.software.florence.common.pattern.application.resource.Resposta> com.software.florence.common.pattern.application.resource.AbstractResource.save(ENTITY)
2017-09-28 18:39:48.299  INFO 1346 --- [    Test worker] s.w.s.m.m.a.RequestMappingHandlerMapping : Mapped "{[/exame-complementar/processo-doacao/{id}],methods=[GET]}" onto public org.springframework.http.ResponseEntity<com.software.florence.entity.ExameComplementar> com.software.florence.resource.ExameComplementarResource.findByProcessoDoacaoId(java.lang.Long)
2017-09-28 18:39:48.300  INFO 1346 --- [    Test worker] s.w.s.m.m.a.RequestMappingHandlerMapping : Mapped "{[/exame-complementar],methods=[GET]}" onto public org.springframework.http.ResponseEntity<java.lang.Iterable<ENTITY>> com.software.florence.common.pattern.application.resource.AbstractResource.findAll()
2017-09-28 18:39:48.301  INFO 1346 --- [    Test worker] s.w.s.m.m.a.RequestMappingHandlerMapping : Mapped "{[/exame-complementar/{id}],methods=[GET]}" onto public org.springframework.http.ResponseEntity<ENTITY> com.software.florence.common.pattern.application.resource.AbstractResource.findById(PK)
2017-09-28 18:39:48.301  INFO 1346 --- [    Test worker] s.w.s.m.m.a.RequestMappingHandlerMapping : Mapped "{[/exame-complementar/count],methods=[GET]}" onto public org.springframework.http.ResponseEntity<java.lang.Long> com.software.florence.common.pattern.application.resource.AbstractResource.count()
2017-09-28 18:39:48.302  INFO 1346 --- [    Test worker] s.w.s.m.m.a.RequestMappingHandlerMapping : Mapped "{[/exame-complementar],methods=[PUT],consumes=[application/json],produces=[application/json]}" onto public org.springframework.http.ResponseEntity<ENTITY> com.software.florence.common.pattern.application.resource.AbstractResource.update(ENTITY)
2017-09-28 18:39:48.302  INFO 1346 --- [    Test worker] s.w.s.m.m.a.RequestMappingHandlerMapping : Mapped "{[/exame-complementar/{id}],methods=[DELETE]}" onto public org.springframework.http.ResponseEntity<ENTITY> com.software.florence.common.pattern.application.resource.AbstractResource.delete(PK)
2017-09-28 18:39:48.303  INFO 1346 --- [    Test worker] s.w.s.m.m.a.RequestMappingHandlerMapping : Mapped "{[/exame-complementar],methods=[POST],consumes=[application/json],produces=[application/json]}" onto public org.springframework.http.ResponseEntity<com.software.florence.common.pattern.application.resource.Resposta> com.software.florence.common.pattern.application.resource.AbstractResource.save(ENTITY)
2017-09-28 18:39:48.306  INFO 1346 --- [    Test worker] s.w.s.m.m.a.RequestMappingHandlerMapping : Mapped "{[/exame-doacao/processo-doacao/{id}],methods=[GET]}" onto public org.springframework.http.ResponseEntity<com.software.florence.entity.ExameDoacao> com.software.florence.resource.ExameDoacaoResource.findByProcessoDoacaoId(java.lang.Long)
2017-09-28 18:39:48.309  INFO 1346 --- [    Test worker] s.w.s.m.m.a.RequestMappingHandlerMapping : Mapped "{[/exame-doacao],methods=[GET]}" onto public org.springframework.http.ResponseEntity<java.lang.Iterable<ENTITY>> com.software.florence.common.pattern.application.resource.AbstractResource.findAll()
2017-09-28 18:39:48.309  INFO 1346 --- [    Test worker] s.w.s.m.m.a.RequestMappingHandlerMapping : Mapped "{[/exame-doacao/{id}],methods=[GET]}" onto public org.springframework.http.ResponseEntity<ENTITY> com.software.florence.common.pattern.application.resource.AbstractResource.findById(PK)
2017-09-28 18:39:48.310  INFO 1346 --- [    Test worker] s.w.s.m.m.a.RequestMappingHandlerMapping : Mapped "{[/exame-doacao/count],methods=[GET]}" onto public org.springframework.http.ResponseEntity<java.lang.Long> com.software.florence.common.pattern.application.resource.AbstractResource.count()
2017-09-28 18:39:48.310  INFO 1346 --- [    Test worker] s.w.s.m.m.a.RequestMappingHandlerMapping : Mapped "{[/exame-doacao],methods=[PUT],consumes=[application/json],produces=[application/json]}" onto public org.springframework.http.ResponseEntity<ENTITY> com.software.florence.common.pattern.application.resource.AbstractResource.update(ENTITY)
2017-09-28 18:39:48.311  INFO 1346 --- [    Test worker] s.w.s.m.m.a.RequestMappingHandlerMapping : Mapped "{[/exame-doacao/{id}],methods=[DELETE]}" onto public org.springframework.http.ResponseEntity<ENTITY> com.software.florence.common.pattern.application.resource.AbstractResource.delete(PK)
2017-09-28 18:39:48.311  INFO 1346 --- [    Test worker] s.w.s.m.m.a.RequestMappingHandlerMapping : Mapped "{[/exame-doacao],methods=[POST],consumes=[application/json],produces=[application/json]}" onto public org.springframework.http.ResponseEntity<com.software.florence.common.pattern.application.resource.Resposta> com.software.florence.common.pattern.application.resource.AbstractResource.save(ENTITY)
2017-09-28 18:39:48.314  INFO 1346 --- [    Test worker] s.w.s.m.m.a.RequestMappingHandlerMapping : Mapped "{[/hla/processo-doacao/{id}],methods=[GET]}" onto public org.springframework.http.ResponseEntity<com.software.florence.entity.Hla> com.software.florence.resource.HlaResource.findByProcessoDoacaoId(java.lang.Long)
2017-09-28 18:39:48.315  INFO 1346 --- [    Test worker] s.w.s.m.m.a.RequestMappingHandlerMapping : Mapped "{[/hla],methods=[GET]}" onto public org.springframework.http.ResponseEntity<java.lang.Iterable<ENTITY>> com.software.florence.common.pattern.application.resource.AbstractResource.findAll()
2017-09-28 18:39:48.316  INFO 1346 --- [    Test worker] s.w.s.m.m.a.RequestMappingHandlerMapping : Mapped "{[/hla/{id}],methods=[GET]}" onto public org.springframework.http.ResponseEntity<ENTITY> com.software.florence.common.pattern.application.resource.AbstractResource.findById(PK)
2017-09-28 18:39:48.316  INFO 1346 --- [    Test worker] s.w.s.m.m.a.RequestMappingHandlerMapping : Mapped "{[/hla/count],methods=[GET]}" onto public org.springframework.http.ResponseEntity<java.lang.Long> com.software.florence.common.pattern.application.resource.AbstractResource.count()
2017-09-28 18:39:48.317  INFO 1346 --- [    Test worker] s.w.s.m.m.a.RequestMappingHandlerMapping : Mapped "{[/hla],methods=[PUT],consumes=[application/json],produces=[application/json]}" onto public org.springframework.http.ResponseEntity<ENTITY> com.software.florence.common.pattern.application.resource.AbstractResource.update(ENTITY)
2017-09-28 18:39:48.317  INFO 1346 --- [    Test worker] s.w.s.m.m.a.RequestMappingHandlerMapping : Mapped "{[/hla/{id}],methods=[DELETE]}" onto public org.springframework.http.ResponseEntity<ENTITY> com.software.florence.common.pattern.application.resource.AbstractResource.delete(PK)
2017-09-28 18:39:48.318  INFO 1346 --- [    Test worker] s.w.s.m.m.a.RequestMappingHandlerMapping : Mapped "{[/hla],methods=[POST],consumes=[application/json],produces=[application/json]}" onto public org.springframework.http.ResponseEntity<com.software.florence.common.pattern.application.resource.Resposta> com.software.florence.common.pattern.application.resource.AbstractResource.save(ENTITY)
2017-09-28 18:39:48.321  INFO 1346 --- [    Test worker] s.w.s.m.m.a.RequestMappingHandlerMapping : Mapped "{[/infeccao/doenca-atual/{id}],methods=[GET]}" onto public org.springframework.http.ResponseEntity<com.software.florence.entity.Infeccao> com.software.florence.resource.InfeccaoResource.findByDoencaAtualId(java.lang.Long)
2017-09-28 18:39:48.322  INFO 1346 --- [    Test worker] s.w.s.m.m.a.RequestMappingHandlerMapping : Mapped "{[/infeccao],methods=[GET]}" onto public org.springframework.http.ResponseEntity<java.lang.Iterable<ENTITY>> com.software.florence.common.pattern.application.resource.AbstractResource.findAll()
2017-09-28 18:39:48.323  INFO 1346 --- [    Test worker] s.w.s.m.m.a.RequestMappingHandlerMapping : Mapped "{[/infeccao/{id}],methods=[GET]}" onto public org.springframework.http.ResponseEntity<ENTITY> com.software.florence.common.pattern.application.resource.AbstractResource.findById(PK)
2017-09-28 18:39:48.325  INFO 1346 --- [    Test worker] s.w.s.m.m.a.RequestMappingHandlerMapping : Mapped "{[/infeccao/count],methods=[GET]}" onto public org.springframework.http.ResponseEntity<java.lang.Long> com.software.florence.common.pattern.application.resource.AbstractResource.count()
2017-09-28 18:39:48.325  INFO 1346 --- [    Test worker] s.w.s.m.m.a.RequestMappingHandlerMapping : Mapped "{[/infeccao],methods=[PUT],consumes=[application/json],produces=[application/json]}" onto public org.springframework.http.ResponseEntity<ENTITY> com.software.florence.common.pattern.application.resource.AbstractResource.update(ENTITY)
2017-09-28 18:39:48.326  INFO 1346 --- [    Test worker] s.w.s.m.m.a.RequestMappingHandlerMapping : Mapped "{[/infeccao/{id}],methods=[DELETE]}" onto public org.springframework.http.ResponseEntity<ENTITY> com.software.florence.common.pattern.application.resource.AbstractResource.delete(PK)
2017-09-28 18:39:48.327  INFO 1346 --- [    Test worker] s.w.s.m.m.a.RequestMappingHandlerMapping : Mapped "{[/infeccao],methods=[POST],consumes=[application/json],produces=[application/json]}" onto public org.springframework.http.ResponseEntity<com.software.florence.common.pattern.application.resource.Resposta> com.software.florence.common.pattern.application.resource.AbstractResource.save(ENTITY)
2017-09-28 18:39:48.330  INFO 1346 --- [    Test worker] s.w.s.m.m.a.RequestMappingHandlerMapping : Mapped "{[/informacao-cirurgia/cirurgia/{id}],methods=[GET]}" onto public org.springframework.http.ResponseEntity<com.software.florence.entity.InformacaoCirurgia> com.software.florence.resource.InformacaoCirurgiaResource.findByCirurgia(java.lang.Long)
2017-09-28 18:39:48.330  INFO 1346 --- [    Test worker] s.w.s.m.m.a.RequestMappingHandlerMapping : Mapped "{[/informacao-cirurgia],methods=[GET]}" onto public org.springframework.http.ResponseEntity<java.lang.Iterable<ENTITY>> com.software.florence.common.pattern.application.resource.AbstractResource.findAll()
2017-09-28 18:39:48.331  INFO 1346 --- [    Test worker] s.w.s.m.m.a.RequestMappingHandlerMapping : Mapped "{[/informacao-cirurgia/{id}],methods=[GET]}" onto public org.springframework.http.ResponseEntity<ENTITY> com.software.florence.common.pattern.application.resource.AbstractResource.findById(PK)
2017-09-28 18:39:48.336  INFO 1346 --- [    Test worker] s.w.s.m.m.a.RequestMappingHandlerMapping : Mapped "{[/informacao-cirurgia/count],methods=[GET]}" onto public org.springframework.http.ResponseEntity<java.lang.Long> com.software.florence.common.pattern.application.resource.AbstractResource.count()
2017-09-28 18:39:48.338  INFO 1346 --- [    Test worker] s.w.s.m.m.a.RequestMappingHandlerMapping : Mapped "{[/informacao-cirurgia],methods=[PUT],consumes=[application/json],produces=[application/json]}" onto public org.springframework.http.ResponseEntity<ENTITY> com.software.florence.common.pattern.application.resource.AbstractResource.update(ENTITY)
2017-09-28 18:39:48.339  INFO 1346 --- [    Test worker] s.w.s.m.m.a.RequestMappingHandlerMapping : Mapped "{[/informacao-cirurgia/{id}],methods=[DELETE]}" onto public org.springframework.http.ResponseEntity<ENTITY> com.software.florence.common.pattern.application.resource.AbstractResource.delete(PK)
2017-09-28 18:39:48.342  INFO 1346 --- [    Test worker] s.w.s.m.m.a.RequestMappingHandlerMapping : Mapped "{[/informacao-cirurgia],methods=[POST],consumes=[application/json],produces=[application/json]}" onto public org.springframework.http.ResponseEntity<com.software.florence.common.pattern.application.resource.Resposta> com.software.florence.common.pattern.application.resource.AbstractResource.save(ENTITY)
2017-09-28 18:39:48.345  INFO 1346 --- [    Test worker] s.w.s.m.m.a.RequestMappingHandlerMapping : Mapped "{[/obito/processo-doacao/{id}],methods=[GET]}" onto public org.springframework.http.ResponseEntity<com.software.florence.entity.Obito> com.software.florence.resource.ObitoResource.findByProcessoDoacaoId(java.lang.Long)
2017-09-28 18:39:48.346  INFO 1346 --- [    Test worker] s.w.s.m.m.a.RequestMappingHandlerMapping : Mapped "{[/obito],methods=[GET]}" onto public org.springframework.http.ResponseEntity<java.lang.Iterable<ENTITY>> com.software.florence.common.pattern.application.resource.AbstractResource.findAll()
2017-09-28 18:39:48.346  INFO 1346 --- [    Test worker] s.w.s.m.m.a.RequestMappingHandlerMapping : Mapped "{[/obito/{id}],methods=[GET]}" onto public org.springframework.http.ResponseEntity<ENTITY> com.software.florence.common.pattern.application.resource.AbstractResource.findById(PK)
2017-09-28 18:39:48.347  INFO 1346 --- [    Test worker] s.w.s.m.m.a.RequestMappingHandlerMapping : Mapped "{[/obito/count],methods=[GET]}" onto public org.springframework.http.ResponseEntity<java.lang.Long> com.software.florence.common.pattern.application.resource.AbstractResource.count()
2017-09-28 18:39:48.347  INFO 1346 --- [    Test worker] s.w.s.m.m.a.RequestMappingHandlerMapping : Mapped "{[/obito],methods=[PUT],consumes=[application/json],produces=[application/json]}" onto public org.springframework.http.ResponseEntity<ENTITY> com.software.florence.common.pattern.application.resource.AbstractResource.update(ENTITY)
2017-09-28 18:39:48.348  INFO 1346 --- [    Test worker] s.w.s.m.m.a.RequestMappingHandlerMapping : Mapped "{[/obito/{id}],methods=[DELETE]}" onto public org.springframework.http.ResponseEntity<ENTITY> com.software.florence.common.pattern.application.resource.AbstractResource.delete(PK)
2017-09-28 18:39:48.348  INFO 1346 --- [    Test worker] s.w.s.m.m.a.RequestMappingHandlerMapping : Mapped "{[/obito],methods=[POST],consumes=[application/json],produces=[application/json]}" onto public org.springframework.http.ResponseEntity<com.software.florence.common.pattern.application.resource.Resposta> com.software.florence.common.pattern.application.resource.AbstractResource.save(ENTITY)
2017-09-28 18:39:48.350  INFO 1346 --- [    Test worker] s.w.s.m.m.a.RequestMappingHandlerMapping : Mapped "{[/orgao],methods=[GET]}" onto public org.springframework.http.ResponseEntity<java.lang.Iterable<ENTITY>> com.software.florence.common.pattern.application.resource.AbstractResource.findAll()
2017-09-28 18:39:48.351  INFO 1346 --- [    Test worker] s.w.s.m.m.a.RequestMappingHandlerMapping : Mapped "{[/orgao/{id}],methods=[GET]}" onto public org.springframework.http.ResponseEntity<ENTITY> com.software.florence.common.pattern.application.resource.AbstractResource.findById(PK)
2017-09-28 18:39:48.352  INFO 1346 --- [    Test worker] s.w.s.m.m.a.RequestMappingHandlerMapping : Mapped "{[/orgao/count],methods=[GET]}" onto public org.springframework.http.ResponseEntity<java.lang.Long> com.software.florence.common.pattern.application.resource.AbstractResource.count()
2017-09-28 18:39:48.352  INFO 1346 --- [    Test worker] s.w.s.m.m.a.RequestMappingHandlerMapping : Mapped "{[/orgao],methods=[PUT],consumes=[application/json],produces=[application/json]}" onto public org.springframework.http.ResponseEntity<ENTITY> com.software.florence.common.pattern.application.resource.AbstractResource.update(ENTITY)
2017-09-28 18:39:48.353  INFO 1346 --- [    Test worker] s.w.s.m.m.a.RequestMappingHandlerMapping : Mapped "{[/orgao/{id}],methods=[DELETE]}" onto public org.springframework.http.ResponseEntity<ENTITY> com.software.florence.common.pattern.application.resource.AbstractResource.delete(PK)
2017-09-28 18:39:48.353  INFO 1346 --- [    Test worker] s.w.s.m.m.a.RequestMappingHandlerMapping : Mapped "{[/orgao],methods=[POST],consumes=[application/json],produces=[application/json]}" onto public org.springframework.http.ResponseEntity<com.software.florence.common.pattern.application.resource.Resposta> com.software.florence.common.pattern.application.resource.AbstractResource.save(ENTITY)
2017-09-28 18:39:48.357  INFO 1346 --- [    Test worker] s.w.s.m.m.a.RequestMappingHandlerMapping : Mapped "{[/processo-doacao],methods=[GET]}" onto public org.springframework.http.ResponseEntity<java.lang.Iterable<ENTITY>> com.software.florence.common.pattern.application.resource.AbstractResource.findAll()
2017-09-28 18:39:48.358  INFO 1346 --- [    Test worker] s.w.s.m.m.a.RequestMappingHandlerMapping : Mapped "{[/processo-doacao/{id}],methods=[GET]}" onto public org.springframework.http.ResponseEntity<ENTITY> com.software.florence.common.pattern.application.resource.AbstractResource.findById(PK)
2017-09-28 18:39:48.358  INFO 1346 --- [    Test worker] s.w.s.m.m.a.RequestMappingHandlerMapping : Mapped "{[/processo-doacao/count],methods=[GET]}" onto public org.springframework.http.ResponseEntity<java.lang.Long> com.software.florence.common.pattern.application.resource.AbstractResource.count()
2017-09-28 18:39:48.359  INFO 1346 --- [    Test worker] s.w.s.m.m.a.RequestMappingHandlerMapping : Mapped "{[/processo-doacao],methods=[PUT],consumes=[application/json],produces=[application/json]}" onto public org.springframework.http.ResponseEntity<ENTITY> com.software.florence.common.pattern.application.resource.AbstractResource.update(ENTITY)
2017-09-28 18:39:48.359  INFO 1346 --- [    Test worker] s.w.s.m.m.a.RequestMappingHandlerMapping : Mapped "{[/processo-doacao/{id}],methods=[DELETE]}" onto public org.springframework.http.ResponseEntity<ENTITY> com.software.florence.common.pattern.application.resource.AbstractResource.delete(PK)
2017-09-28 18:39:48.360  INFO 1346 --- [    Test worker] s.w.s.m.m.a.RequestMappingHandlerMapping : Mapped "{[/processo-doacao],methods=[POST],consumes=[application/json],produces=[application/json]}" onto public org.springframework.http.ResponseEntity<com.software.florence.common.pattern.application.resource.Resposta> com.software.florence.common.pattern.application.resource.AbstractResource.save(ENTITY)
2017-09-28 18:39:48.363  INFO 1346 --- [    Test worker] s.w.s.m.m.a.RequestMappingHandlerMapping : Mapped "{[/situacao-clinica/processo-doacao/{id}],methods=[GET]}" onto public org.springframework.http.ResponseEntity<com.software.florence.entity.SituacaoClinica> com.software.florence.resource.SituacaoClinicaResource.findByProcessoDoacaoId(java.lang.Long)
2017-09-28 18:39:48.363  INFO 1346 --- [    Test worker] s.w.s.m.m.a.RequestMappingHandlerMapping : Mapped "{[/situacao-clinica],methods=[GET]}" onto public org.springframework.http.ResponseEntity<java.lang.Iterable<ENTITY>> com.software.florence.common.pattern.application.resource.AbstractResource.findAll()
2017-09-28 18:39:48.364  INFO 1346 --- [    Test worker] s.w.s.m.m.a.RequestMappingHandlerMapping : Mapped "{[/situacao-clinica/{id}],methods=[GET]}" onto public org.springframework.http.ResponseEntity<ENTITY> com.software.florence.common.pattern.application.resource.AbstractResource.findById(PK)
2017-09-28 18:39:48.364  INFO 1346 --- [    Test worker] s.w.s.m.m.a.RequestMappingHandlerMapping : Mapped "{[/situacao-clinica/count],methods=[GET]}" onto public org.springframework.http.ResponseEntity<java.lang.Long> com.software.florence.common.pattern.application.resource.AbstractResource.count()
2017-09-28 18:39:48.365  INFO 1346 --- [    Test worker] s.w.s.m.m.a.RequestMappingHandlerMapping : Mapped "{[/situacao-clinica],methods=[PUT],consumes=[application/json],produces=[application/json]}" onto public org.springframework.http.ResponseEntity<ENTITY> com.software.florence.common.pattern.application.resource.AbstractResource.update(ENTITY)
2017-09-28 18:39:48.365  INFO 1346 --- [    Test worker] s.w.s.m.m.a.RequestMappingHandlerMapping : Mapped "{[/situacao-clinica/{id}],methods=[DELETE]}" onto public org.springframework.http.ResponseEntity<ENTITY> com.software.florence.common.pattern.application.resource.AbstractResource.delete(PK)
2017-09-28 18:39:48.366  INFO 1346 --- [    Test worker] s.w.s.m.m.a.RequestMappingHandlerMapping : Mapped "{[/situacao-clinica],methods=[POST],consumes=[application/json],produces=[application/json]}" onto public org.springframework.http.ResponseEntity<com.software.florence.common.pattern.application.resource.Resposta> com.software.florence.common.pattern.application.resource.AbstractResource.save(ENTITY)
2017-09-28 18:39:48.368  INFO 1346 --- [    Test worker] s.w.s.m.m.a.RequestMappingHandlerMapping : Mapped "{[/sorologia/processo-doacao/{id}],methods=[GET]}" onto public org.springframework.http.ResponseEntity<com.software.florence.entity.Sorologia> com.software.florence.resource.SorologiaResource.findByProcessoDoacaoId(java.lang.Long)
2017-09-28 18:39:48.368  INFO 1346 --- [    Test worker] s.w.s.m.m.a.RequestMappingHandlerMapping : Mapped "{[/sorologia],methods=[GET]}" onto public org.springframework.http.ResponseEntity<java.lang.Iterable<ENTITY>> com.software.florence.common.pattern.application.resource.AbstractResource.findAll()
2017-09-28 18:39:48.369  INFO 1346 --- [    Test worker] s.w.s.m.m.a.RequestMappingHandlerMapping : Mapped "{[/sorologia/{id}],methods=[GET]}" onto public org.springframework.http.ResponseEntity<ENTITY> com.software.florence.common.pattern.application.resource.AbstractResource.findById(PK)
2017-09-28 18:39:48.369  INFO 1346 --- [    Test worker] s.w.s.m.m.a.RequestMappingHandlerMapping : Mapped "{[/sorologia/count],methods=[GET]}" onto public org.springframework.http.ResponseEntity<java.lang.Long> com.software.florence.common.pattern.application.resource.AbstractResource.count()
2017-09-28 18:39:48.370  INFO 1346 --- [    Test worker] s.w.s.m.m.a.RequestMappingHandlerMapping : Mapped "{[/sorologia],methods=[PUT],consumes=[application/json],produces=[application/json]}" onto public org.springframework.http.ResponseEntity<ENTITY> com.software.florence.common.pattern.application.resource.AbstractResource.update(ENTITY)
2017-09-28 18:39:48.370  INFO 1346 --- [    Test worker] s.w.s.m.m.a.RequestMappingHandlerMapping : Mapped "{[/sorologia/{id}],methods=[DELETE]}" onto public org.springframework.http.ResponseEntity<ENTITY> com.software.florence.common.pattern.application.resource.AbstractResource.delete(PK)
2017-09-28 18:39:48.371  INFO 1346 --- [    Test worker] s.w.s.m.m.a.RequestMappingHandlerMapping : Mapped "{[/sorologia],methods=[POST],consumes=[application/json],produces=[application/json]}" onto public org.springframework.http.ResponseEntity<com.software.florence.common.pattern.application.resource.Resposta> com.software.florence.common.pattern.application.resource.AbstractResource.save(ENTITY)
2017-09-28 18:39:48.372  INFO 1346 --- [    Test worker] s.w.s.m.m.a.RequestMappingHandlerMapping : Mapped "{[/substancia-extra/doenca-previa/{id}],methods=[GET]}" onto public org.springframework.http.ResponseEntity<com.software.florence.entity.SubstanciaExtra> com.software.florence.resource.SubstanciaExtraResource.findByDoencaPrevia(java.lang.Long)
2017-09-28 18:39:48.373  INFO 1346 --- [    Test worker] s.w.s.m.m.a.RequestMappingHandlerMapping : Mapped "{[/substancia-extra],methods=[GET]}" onto public org.springframework.http.ResponseEntity<java.lang.Iterable<ENTITY>> com.software.florence.common.pattern.application.resource.AbstractResource.findAll()
2017-09-28 18:39:48.374  INFO 1346 --- [    Test worker] s.w.s.m.m.a.RequestMappingHandlerMapping : Mapped "{[/substancia-extra/{id}],methods=[GET]}" onto public org.springframework.http.ResponseEntity<ENTITY> com.software.florence.common.pattern.application.resource.AbstractResource.findById(PK)
2017-09-28 18:39:48.374  INFO 1346 --- [    Test worker] s.w.s.m.m.a.RequestMappingHandlerMapping : Mapped "{[/substancia-extra/count],methods=[GET]}" onto public org.springframework.http.ResponseEntity<java.lang.Long> com.software.florence.common.pattern.application.resource.AbstractResource.count()
2017-09-28 18:39:48.375  INFO 1346 --- [    Test worker] s.w.s.m.m.a.RequestMappingHandlerMapping : Mapped "{[/substancia-extra],methods=[PUT],consumes=[application/json],produces=[application/json]}" onto public org.springframework.http.ResponseEntity<ENTITY> com.software.florence.common.pattern.application.resource.AbstractResource.update(ENTITY)
2017-09-28 18:39:48.375  INFO 1346 --- [    Test worker] s.w.s.m.m.a.RequestMappingHandlerMapping : Mapped "{[/substancia-extra/{id}],methods=[DELETE]}" onto public org.springframework.http.ResponseEntity<ENTITY> com.software.florence.common.pattern.application.resource.AbstractResource.delete(PK)
2017-09-28 18:39:48.375  INFO 1346 --- [    Test worker] s.w.s.m.m.a.RequestMappingHandlerMapping : Mapped "{[/substancia-extra],methods=[POST],consumes=[application/json],produces=[application/json]}" onto public org.springframework.http.ResponseEntity<com.software.florence.common.pattern.application.resource.Resposta> com.software.florence.common.pattern.application.resource.AbstractResource.save(ENTITY)
2017-09-28 18:39:48.380  INFO 1346 --- [    Test worker] s.w.s.m.m.a.RequestMappingHandlerMapping : Mapped "{[/teste-clinico/processo-doacao/{id}],methods=[GET]}" onto public org.springframework.http.ResponseEntity<com.software.florence.entity.TesteClinico> com.software.florence.resource.TesteClinicoResource.findByProcessoDoacaoId(java.lang.Long)
2017-09-28 18:39:48.381  INFO 1346 --- [    Test worker] s.w.s.m.m.a.RequestMappingHandlerMapping : Mapped "{[/teste-clinico],methods=[GET]}" onto public org.springframework.http.ResponseEntity<java.lang.Iterable<ENTITY>> com.software.florence.common.pattern.application.resource.AbstractResource.findAll()
2017-09-28 18:39:48.381  INFO 1346 --- [    Test worker] s.w.s.m.m.a.RequestMappingHandlerMapping : Mapped "{[/teste-clinico/{id}],methods=[GET]}" onto public org.springframework.http.ResponseEntity<ENTITY> com.software.florence.common.pattern.application.resource.AbstractResource.findById(PK)
2017-09-28 18:39:48.382  INFO 1346 --- [    Test worker] s.w.s.m.m.a.RequestMappingHandlerMapping : Mapped "{[/teste-clinico/count],methods=[GET]}" onto public org.springframework.http.ResponseEntity<java.lang.Long> com.software.florence.common.pattern.application.resource.AbstractResource.count()
2017-09-28 18:39:48.383  INFO 1346 --- [    Test worker] s.w.s.m.m.a.RequestMappingHandlerMapping : Mapped "{[/teste-clinico],methods=[PUT],consumes=[application/json],produces=[application/json]}" onto public org.springframework.http.ResponseEntity<ENTITY> com.software.florence.common.pattern.application.resource.AbstractResource.update(ENTITY)
2017-09-28 18:39:48.384  INFO 1346 --- [    Test worker] s.w.s.m.m.a.RequestMappingHandlerMapping : Mapped "{[/teste-clinico/{id}],methods=[DELETE]}" onto public org.springframework.http.ResponseEntity<ENTITY> com.software.florence.common.pattern.application.resource.AbstractResource.delete(PK)
2017-09-28 18:39:48.384  INFO 1346 --- [    Test worker] s.w.s.m.m.a.RequestMappingHandlerMapping : Mapped "{[/teste-clinico],methods=[POST],consumes=[application/json],produces=[application/json]}" onto public org.springframework.http.ResponseEntity<com.software.florence.common.pattern.application.resource.Resposta> com.software.florence.common.pattern.application.resource.AbstractResource.save(ENTITY)
2017-09-28 18:39:48.391  INFO 1346 --- [    Test worker] s.w.s.m.m.a.RequestMappingHandlerMapping : Mapped "{[/swagger-resources/configuration/security]}" onto public org.springframework.http.ResponseEntity<springfox.documentation.swagger.web.SecurityConfiguration> springfox.documentation.swagger.web.ApiResourceController.securityConfiguration()
2017-09-28 18:39:48.391  INFO 1346 --- [    Test worker] s.w.s.m.m.a.RequestMappingHandlerMapping : Mapped "{[/swagger-resources/configuration/ui]}" onto public org.springframework.http.ResponseEntity<springfox.documentation.swagger.web.UiConfiguration> springfox.documentation.swagger.web.ApiResourceController.uiConfiguration()
2017-09-28 18:39:48.392  INFO 1346 --- [    Test worker] s.w.s.m.m.a.RequestMappingHandlerMapping : Mapped "{[/swagger-resources]}" onto public org.springframework.http.ResponseEntity<java.util.List<springfox.documentation.swagger.web.SwaggerResource>> springfox.documentation.swagger.web.ApiResourceController.swaggerResources()
2017-09-28 18:39:48.396  INFO 1346 --- [    Test worker] s.w.s.m.m.a.RequestMappingHandlerMapping : Mapped "{[/error],produces=[text/html]}" onto public org.springframework.web.servlet.ModelAndView org.springframework.boot.autoconfigure.web.BasicErrorController.errorHtml(javax.servlet.http.HttpServletRequest,javax.servlet.http.HttpServletResponse)
2017-09-28 18:39:48.397  INFO 1346 --- [    Test worker] s.w.s.m.m.a.RequestMappingHandlerMapping : Mapped "{[/error]}" onto public org.springframework.http.ResponseEntity<java.util.Map<java.lang.String, java.lang.Object>> org.springframework.boot.autoconfigure.web.BasicErrorController.error(javax.servlet.http.HttpServletRequest)
2017-09-28 18:39:48.671  INFO 1346 --- [    Test worker] pertySourcedRequestMappingHandlerMapping : Mapped URL path [/v2/api-docs] onto method [public org.springframework.http.ResponseEntity<springfox.documentation.spring.web.json.Json> springfox.documentation.swagger2.web.Swagger2Controller.getDocumentation(java.lang.String,javax.servlet.http.HttpServletRequest)]
2017-09-28 18:39:49.134  INFO 1346 --- [    Test worker] s.w.s.m.m.a.RequestMappingHandlerAdapter : Looking for @ControllerAdvice: org.springframework.web.context.support.GenericWebApplicationContext@46b6c16a: startup date [Thu Sep 28 18:39:37 BRT 2017]; root of context hierarchy
2017-09-28 18:39:49.228  INFO 1346 --- [    Test worker] o.s.w.s.handler.SimpleUrlHandlerMapping  : Mapped URL path [/webjars/**] onto handler of type [class org.springframework.web.servlet.resource.ResourceHttpRequestHandler]
2017-09-28 18:39:49.229  INFO 1346 --- [    Test worker] o.s.w.s.handler.SimpleUrlHandlerMapping  : Mapped URL path [/**] onto handler of type [class org.springframework.web.servlet.resource.ResourceHttpRequestHandler]
2017-09-28 18:39:49.229  INFO 1346 --- [    Test worker] o.s.w.s.handler.SimpleUrlHandlerMapping  : Mapped URL path [/browser/**] onto handler of type [class org.springframework.web.servlet.resource.ResourceHttpRequestHandler]
2017-09-28 18:39:49.250  INFO 1346 --- [    Test worker] .m.m.a.ExceptionHandlerExceptionResolver : Detected @ExceptionHandler methods in repositoryRestExceptionHandler
2017-09-28 18:39:49.330  INFO 1346 --- [    Test worker] o.s.w.s.handler.SimpleUrlHandlerMapping  : Mapped URL path [/**/favicon.ico] onto handler of type [class org.springframework.web.servlet.resource.ResourceHttpRequestHandler]
2017-09-28 18:39:49.536  INFO 1346 --- [    Test worker] o.s.d.r.w.RepositoryRestHandlerAdapter   : Looking for @ControllerAdvice: org.springframework.web.context.support.GenericWebApplicationContext@46b6c16a: startup date [Thu Sep 28 18:39:37 BRT 2017]; root of context hierarchy
2017-09-28 18:39:49.556  INFO 1346 --- [    Test worker] o.s.d.r.w.RepositoryRestHandlerMapping   : Mapped "{[/{repository}/{id}/{property}],methods=[PATCH || PUT || POST],consumes=[application/json || application/x-spring-data-compact+json || text/uri-list],produces=[application/hal+json || application/json]}" onto public org.springframework.http.ResponseEntity<? extends org.springframework.hateoas.ResourceSupport> org.springframework.data.rest.webmvc.RepositoryPropertyReferenceController.createPropertyReference(org.springframework.data.rest.webmvc.RootResourceInformation,org.springframework.http.HttpMethod,org.springframework.hateoas.Resources<java.lang.Object>,java.io.Serializable,java.lang.String) throws java.lang.Exception
2017-09-28 18:39:49.557  INFO 1346 --- [    Test worker] o.s.d.r.w.RepositoryRestHandlerMapping   : Mapped "{[/{repository}/{id}/{property}/{propertyId}],methods=[GET],produces=[application/hal+json || application/json]}" onto public org.springframework.http.ResponseEntity<org.springframework.hateoas.ResourceSupport> org.springframework.data.rest.webmvc.RepositoryPropertyReferenceController.followPropertyReference(org.springframework.data.rest.webmvc.RootResourceInformation,java.io.Serializable,java.lang.String,java.lang.String,org.springframework.data.rest.webmvc.PersistentEntityResourceAssembler) throws java.lang.Exception
2017-09-28 18:39:49.557  INFO 1346 --- [    Test worker] o.s.d.r.w.RepositoryRestHandlerMapping   : Mapped "{[/{repository}/{id}/{property}],methods=[GET],produces=[application/hal+json || application/json]}" onto public org.springframework.http.ResponseEntity<org.springframework.hateoas.ResourceSupport> org.springframework.data.rest.webmvc.RepositoryPropertyReferenceController.followPropertyReference(org.springframework.data.rest.webmvc.RootResourceInformation,java.io.Serializable,java.lang.String,org.springframework.data.rest.webmvc.PersistentEntityResourceAssembler) throws java.lang.Exception
2017-09-28 18:39:49.558  INFO 1346 --- [    Test worker] o.s.d.r.w.RepositoryRestHandlerMapping   : Mapped "{[/{repository}/{id}/{property}],methods=[DELETE],produces=[application/hal+json || application/json]}" onto public org.springframework.http.ResponseEntity<? extends org.springframework.hateoas.ResourceSupport> org.springframework.data.rest.webmvc.RepositoryPropertyReferenceController.deletePropertyReference(org.springframework.data.rest.webmvc.RootResourceInformation,java.io.Serializable,java.lang.String) throws java.lang.Exception
2017-09-28 18:39:49.559  INFO 1346 --- [    Test worker] o.s.d.r.w.RepositoryRestHandlerMapping   : Mapped "{[/{repository}/{id}/{property}],methods=[GET],produces=[application/x-spring-data-compact+json || text/uri-list]}" onto public org.springframework.http.ResponseEntity<org.springframework.hateoas.ResourceSupport> org.springframework.data.rest.webmvc.RepositoryPropertyReferenceController.followPropertyReferenceCompact(org.springframework.data.rest.webmvc.RootResourceInformation,java.io.Serializable,java.lang.String,org.springframework.data.rest.webmvc.PersistentEntityResourceAssembler) throws java.lang.Exception
2017-09-28 18:39:49.560  INFO 1346 --- [    Test worker] o.s.d.r.w.RepositoryRestHandlerMapping   : Mapped "{[/{repository}/{id}/{property}/{propertyId}],methods=[DELETE],produces=[application/hal+json || application/json]}" onto public org.springframework.http.ResponseEntity<org.springframework.hateoas.ResourceSupport> org.springframework.data.rest.webmvc.RepositoryPropertyReferenceController.deletePropertyReferenceId(org.springframework.data.rest.webmvc.RootResourceInformation,java.io.Serializable,java.lang.String,java.lang.String) throws java.lang.Exception
2017-09-28 18:39:49.562  INFO 1346 --- [    Test worker] o.s.d.r.w.RepositoryRestHandlerMapping   : Mapped "{[/ || ],methods=[GET],produces=[application/hal+json || application/json]}" onto public org.springframework.http.HttpEntity<org.springframework.data.rest.webmvc.RepositoryLinksResource> org.springframework.data.rest.webmvc.RepositoryController.listRepositories()
2017-09-28 18:39:49.563  INFO 1346 --- [    Test worker] o.s.d.r.w.RepositoryRestHandlerMapping   : Mapped "{[/ || ],methods=[HEAD],produces=[application/hal+json || application/json]}" onto public org.springframework.http.ResponseEntity<?> org.springframework.data.rest.webmvc.RepositoryController.headForRepositories()
2017-09-28 18:39:49.564  INFO 1346 --- [    Test worker] o.s.d.r.w.RepositoryRestHandlerMapping   : Mapped "{[/ || ],methods=[OPTIONS],produces=[application/hal+json || application/json]}" onto public org.springframework.http.HttpEntity<?> org.springframework.data.rest.webmvc.RepositoryController.optionsForRepositories()
2017-09-28 18:39:49.569  INFO 1346 --- [    Test worker] o.s.d.r.w.RepositoryRestHandlerMapping   : Mapped "{[/{repository}],methods=[HEAD],produces=[application/hal+json || application/json]}" onto public org.springframework.http.ResponseEntity<?> org.springframework.data.rest.webmvc.RepositoryEntityController.headCollectionResource(org.springframework.data.rest.webmvc.RootResourceInformation,org.springframework.data.rest.webmvc.support.DefaultedPageable) throws org.springframework.web.HttpRequestMethodNotSupportedException
2017-09-28 18:39:49.570  INFO 1346 --- [    Test worker] o.s.d.r.w.RepositoryRestHandlerMapping   : Mapped "{[/{repository}],methods=[GET],produces=[application/hal+json || application/json]}" onto public org.springframework.hateoas.Resources<?> org.springframework.data.rest.webmvc.RepositoryEntityController.getCollectionResource(org.springframework.data.rest.webmvc.RootResourceInformation,org.springframework.data.rest.webmvc.support.DefaultedPageable,org.springframework.data.domain.Sort,org.springframework.data.rest.webmvc.PersistentEntityResourceAssembler) throws org.springframework.data.rest.webmvc.ResourceNotFoundException,org.springframework.web.HttpRequestMethodNotSupportedException
2017-09-28 18:39:49.571  INFO 1346 --- [    Test worker] o.s.d.r.w.RepositoryRestHandlerMapping   : Mapped "{[/{repository}],methods=[GET],produces=[application/x-spring-data-compact+json || text/uri-list]}" onto public org.springframework.hateoas.Resources<?> org.springframework.data.rest.webmvc.RepositoryEntityController.getCollectionResourceCompact(org.springframework.data.rest.webmvc.RootResourceInformation,org.springframework.data.rest.webmvc.support.DefaultedPageable,org.springframework.data.domain.Sort,org.springframework.data.rest.webmvc.PersistentEntityResourceAssembler) throws org.springframework.data.rest.webmvc.ResourceNotFoundException,org.springframework.web.HttpRequestMethodNotSupportedException
2017-09-28 18:39:49.572  INFO 1346 --- [    Test worker] o.s.d.r.w.RepositoryRestHandlerMapping   : Mapped "{[/{repository}],methods=[POST],produces=[application/hal+json || application/json]}" onto public org.springframework.http.ResponseEntity<org.springframework.hateoas.ResourceSupport> org.springframework.data.rest.webmvc.RepositoryEntityController.postCollectionResource(org.springframework.data.rest.webmvc.RootResourceInformation,org.springframework.data.rest.webmvc.PersistentEntityResource,org.springframework.data.rest.webmvc.PersistentEntityResourceAssembler,java.lang.String) throws org.springframework.web.HttpRequestMethodNotSupportedException
2017-09-28 18:39:49.572  INFO 1346 --- [    Test worker] o.s.d.r.w.RepositoryRestHandlerMapping   : Mapped "{[/{repository}/{id}],methods=[OPTIONS],produces=[application/hal+json || application/json]}" onto public org.springframework.http.ResponseEntity<?> org.springframework.data.rest.webmvc.RepositoryEntityController.optionsForItemResource(org.springframework.data.rest.webmvc.RootResourceInformation)
2017-09-28 18:39:49.573  INFO 1346 --- [    Test worker] o.s.d.r.w.RepositoryRestHandlerMapping   : Mapped "{[/{repository}/{id}],methods=[HEAD],produces=[application/hal+json || application/json]}" onto public org.springframework.http.ResponseEntity<?> org.springframework.data.rest.webmvc.RepositoryEntityController.headForItemResource(org.springframework.data.rest.webmvc.RootResourceInformation,java.io.Serializable,org.springframework.data.rest.webmvc.PersistentEntityResourceAssembler) throws org.springframework.web.HttpRequestMethodNotSupportedException
2017-09-28 18:39:49.576  INFO 1346 --- [    Test worker] o.s.d.r.w.RepositoryRestHandlerMapping   : Mapped "{[/{repository}/{id}],methods=[GET],produces=[application/hal+json || application/json]}" onto public org.springframework.http.ResponseEntity<org.springframework.hateoas.Resource<?>> org.springframework.data.rest.webmvc.RepositoryEntityController.getItemResource(org.springframework.data.rest.webmvc.RootResourceInformation,java.io.Serializable,org.springframework.data.rest.webmvc.PersistentEntityResourceAssembler,org.springframework.http.HttpHeaders) throws org.springframework.web.HttpRequestMethodNotSupportedException
2017-09-28 18:39:49.577  INFO 1346 --- [    Test worker] o.s.d.r.w.RepositoryRestHandlerMapping   : Mapped "{[/{repository}/{id}],methods=[PUT],produces=[application/hal+json || application/json]}" onto public org.springframework.http.ResponseEntity<? extends org.springframework.hateoas.ResourceSupport> org.springframework.data.rest.webmvc.RepositoryEntityController.putItemResource(org.springframework.data.rest.webmvc.RootResourceInformation,org.springframework.data.rest.webmvc.PersistentEntityResource,java.io.Serializable,org.springframework.data.rest.webmvc.PersistentEntityResourceAssembler,org.springframework.data.rest.webmvc.support.ETag,java.lang.String) throws org.springframework.web.HttpRequestMethodNotSupportedException
2017-09-28 18:39:49.577  INFO 1346 --- [    Test worker] o.s.d.r.w.RepositoryRestHandlerMapping   : Mapped "{[/{repository}/{id}],methods=[PATCH],produces=[application/hal+json || application/json]}" onto public org.springframework.http.ResponseEntity<org.springframework.hateoas.ResourceSupport> org.springframework.data.rest.webmvc.RepositoryEntityController.patchItemResource(org.springframework.data.rest.webmvc.RootResourceInformation,org.springframework.data.rest.webmvc.PersistentEntityResource,java.io.Serializable,org.springframework.data.rest.webmvc.PersistentEntityResourceAssembler,org.springframework.data.rest.webmvc.support.ETag,java.lang.String) throws org.springframework.web.HttpRequestMethodNotSupportedException,org.springframework.data.rest.webmvc.ResourceNotFoundException
2017-09-28 18:39:49.578  INFO 1346 --- [    Test worker] o.s.d.r.w.RepositoryRestHandlerMapping   : Mapped "{[/{repository}/{id}],methods=[DELETE],produces=[application/hal+json || application/json]}" onto public org.springframework.http.ResponseEntity<?> org.springframework.data.rest.webmvc.RepositoryEntityController.deleteItemResource(org.springframework.data.rest.webmvc.RootResourceInformation,java.io.Serializable,org.springframework.data.rest.webmvc.support.ETag) throws org.springframework.data.rest.webmvc.ResourceNotFoundException,org.springframework.web.HttpRequestMethodNotSupportedException
2017-09-28 18:39:49.578  INFO 1346 --- [    Test worker] o.s.d.r.w.RepositoryRestHandlerMapping   : Mapped "{[/{repository}],methods=[OPTIONS],produces=[application/hal+json || application/json]}" onto public org.springframework.http.ResponseEntity<?> org.springframework.data.rest.webmvc.RepositoryEntityController.optionsForCollectionResource(org.springframework.data.rest.webmvc.RootResourceInformation)
2017-09-28 18:39:49.580  INFO 1346 --- [    Test worker] o.s.d.r.w.RepositoryRestHandlerMapping   : Mapped "{[/{repository}/search],methods=[OPTIONS],produces=[application/hal+json || application/json]}" onto public org.springframework.http.HttpEntity<?> org.springframework.data.rest.webmvc.RepositorySearchController.optionsForSearches(org.springframework.data.rest.webmvc.RootResourceInformation)
2017-09-28 18:39:49.580  INFO 1346 --- [    Test worker] o.s.d.r.w.RepositoryRestHandlerMapping   : Mapped "{[/{repository}/search],methods=[HEAD],produces=[application/hal+json || application/json]}" onto public org.springframework.http.HttpEntity<?> org.springframework.data.rest.webmvc.RepositorySearchController.headForSearches(org.springframework.data.rest.webmvc.RootResourceInformation)
2017-09-28 18:39:49.580  INFO 1346 --- [    Test worker] o.s.d.r.w.RepositoryRestHandlerMapping   : Mapped "{[/{repository}/search],methods=[GET],produces=[application/hal+json || application/json]}" onto public org.springframework.data.rest.webmvc.RepositorySearchesResource org.springframework.data.rest.webmvc.RepositorySearchController.listSearches(org.springframework.data.rest.webmvc.RootResourceInformation)
2017-09-28 18:39:49.581  INFO 1346 --- [    Test worker] o.s.d.r.w.RepositoryRestHandlerMapping   : Mapped "{[/{repository}/search/{search}],methods=[GET],produces=[application/hal+json || application/json]}" onto public org.springframework.http.ResponseEntity<?> org.springframework.data.rest.webmvc.RepositorySearchController.executeSearch(org.springframework.data.rest.webmvc.RootResourceInformation,org.springframework.util.MultiValueMap<java.lang.String, java.lang.Object>,java.lang.String,org.springframework.data.rest.webmvc.support.DefaultedPageable,org.springframework.data.domain.Sort,org.springframework.data.rest.webmvc.PersistentEntityResourceAssembler,org.springframework.http.HttpHeaders)
2017-09-28 18:39:49.581  INFO 1346 --- [    Test worker] o.s.d.r.w.RepositoryRestHandlerMapping   : Mapped "{[/{repository}/search/{search}],methods=[GET],produces=[application/x-spring-data-compact+json]}" onto public org.springframework.hateoas.ResourceSupport org.springframework.data.rest.webmvc.RepositorySearchController.executeSearchCompact(org.springframework.data.rest.webmvc.RootResourceInformation,org.springframework.http.HttpHeaders,org.springframework.util.MultiValueMap<java.lang.String, java.lang.Object>,java.lang.String,java.lang.String,org.springframework.data.rest.webmvc.support.DefaultedPageable,org.springframework.data.domain.Sort,org.springframework.data.rest.webmvc.PersistentEntityResourceAssembler)
2017-09-28 18:39:49.582  INFO 1346 --- [    Test worker] o.s.d.r.w.RepositoryRestHandlerMapping   : Mapped "{[/{repository}/search/{search}],methods=[OPTIONS],produces=[application/hal+json || application/json]}" onto public org.springframework.http.ResponseEntity<java.lang.Object> org.springframework.data.rest.webmvc.RepositorySearchController.optionsForSearch(org.springframework.data.rest.webmvc.RootResourceInformation,java.lang.String)
2017-09-28 18:39:49.582  INFO 1346 --- [    Test worker] o.s.d.r.w.RepositoryRestHandlerMapping   : Mapped "{[/{repository}/search/{search}],methods=[HEAD],produces=[application/hal+json || application/json]}" onto public org.springframework.http.ResponseEntity<java.lang.Object> org.springframework.data.rest.webmvc.RepositorySearchController.headForSearch(org.springframework.data.rest.webmvc.RootResourceInformation,java.lang.String)
2017-09-28 18:39:49.586  INFO 1346 --- [    Test worker] o.s.d.r.w.BasePathAwareHandlerMapping    : Mapped "{[/browser],methods=[GET]}" onto public org.springframework.web.servlet.View org.springframework.data.rest.webmvc.halbrowser.HalBrowser.browser(javax.servlet.http.HttpServletRequest)
2017-09-28 18:39:49.587  INFO 1346 --- [    Test worker] o.s.d.r.w.BasePathAwareHandlerMapping    : Mapped "{[/ || ],methods=[GET],produces=[text/html]}" onto public org.springframework.web.servlet.View org.springframework.data.rest.webmvc.halbrowser.HalBrowser.index(javax.servlet.http.HttpServletRequest)
2017-09-28 18:39:49.587  INFO 1346 --- [    Test worker] o.s.d.r.w.BasePathAwareHandlerMapping    : Mapped "{[/profile/{repository}],methods=[GET],produces=[application/schema+json]}" onto public org.springframework.http.HttpEntity<org.springframework.data.rest.webmvc.json.JsonSchema> org.springframework.data.rest.webmvc.RepositorySchemaController.schema(org.springframework.data.rest.webmvc.RootResourceInformation)
2017-09-28 18:39:49.587  INFO 1346 --- [    Test worker] o.s.d.r.w.BasePathAwareHandlerMapping    : Mapped "{[/profile/{repository}],methods=[OPTIONS],produces=[application/alps+json]}" onto org.springframework.http.HttpEntity<?> org.springframework.data.rest.webmvc.alps.AlpsController.alpsOptions()
2017-09-28 18:39:49.588  INFO 1346 --- [    Test worker] o.s.d.r.w.BasePathAwareHandlerMapping    : Mapped "{[/profile/{repository}],methods=[GET],produces=[application/alps+json || */*]}" onto org.springframework.http.HttpEntity<org.springframework.data.rest.webmvc.RootResourceInformation> org.springframework.data.rest.webmvc.alps.AlpsController.descriptor(org.springframework.data.rest.webmvc.RootResourceInformation)
2017-09-28 18:39:49.588  INFO 1346 --- [    Test worker] o.s.d.r.w.BasePathAwareHandlerMapping    : Mapped "{[/profile],methods=[OPTIONS]}" onto public org.springframework.http.HttpEntity<?> org.springframework.data.rest.webmvc.ProfileController.profileOptions()
2017-09-28 18:39:49.589  INFO 1346 --- [    Test worker] o.s.d.r.w.BasePathAwareHandlerMapping    : Mapped "{[/profile],methods=[GET]}" onto org.springframework.http.HttpEntity<org.springframework.hateoas.ResourceSupport> org.springframework.data.rest.webmvc.ProfileController.listAllFormsOfMetadata()
2017-09-28 18:39:49.921  INFO 1346 --- [    Test worker] o.s.c.support.DefaultLifecycleProcessor  : Starting beans in phase 2147483647
2017-09-28 18:39:49.922  INFO 1346 --- [    Test worker] d.s.w.p.DocumentationPluginsBootstrapper : Context refreshed
2017-09-28 18:39:49.963  INFO 1346 --- [    Test worker] d.s.w.p.DocumentationPluginsBootstrapper : Found 1 custom documentation plugin(s)
2017-09-28 18:39:50.559  INFO 1346 --- [    Test worker] s.d.s.w.s.ApiListingReferenceScanner     : Scanning for api listing references
2017-09-28 18:39:51.192  INFO 1346 --- [    Test worker] .d.s.w.r.o.CachingOperationNameGenerator : Generating unique operation named: countUsingGET_1
2017-09-28 18:39:51.213  INFO 1346 --- [    Test worker] .d.s.w.r.o.CachingOperationNameGenerator : Generating unique operation named: deleteUsingDELETE_1
2017-09-28 18:39:51.222  INFO 1346 --- [    Test worker] .d.s.w.r.o.CachingOperationNameGenerator : Generating unique operation named: findAllUsingGET_1
2017-09-28 18:39:51.233  INFO 1346 --- [    Test worker] .d.s.w.r.o.CachingOperationNameGenerator : Generating unique operation named: findByIdUsingGET_1
2017-09-28 18:39:51.253  INFO 1346 --- [    Test worker] .d.s.w.r.o.CachingOperationNameGenerator : Generating unique operation named: saveUsingPOST_1
2017-09-28 18:39:51.267  INFO 1346 --- [    Test worker] .d.s.w.r.o.CachingOperationNameGenerator : Generating unique operation named: updateUsingPUT_1
2017-09-28 18:39:51.278  INFO 1346 --- [    Test worker] .d.s.w.r.o.CachingOperationNameGenerator : Generating unique operation named: countUsingGET_2
2017-09-28 18:39:51.292  INFO 1346 --- [    Test worker] .d.s.w.r.o.CachingOperationNameGenerator : Generating unique operation named: deleteUsingDELETE_2
2017-09-28 18:39:51.303  INFO 1346 --- [    Test worker] .d.s.w.r.o.CachingOperationNameGenerator : Generating unique operation named: findAllUsingGET_2
2017-09-28 18:39:51.314  INFO 1346 --- [    Test worker] .d.s.w.r.o.CachingOperationNameGenerator : Generating unique operation named: findByIdUsingGET_2
2017-09-28 18:39:51.324  INFO 1346 --- [    Test worker] .d.s.w.r.o.CachingOperationNameGenerator : Generating unique operation named: findByProcessoDoacaoIdUsingGET_1
2017-09-28 18:39:51.336  INFO 1346 --- [    Test worker] .d.s.w.r.o.CachingOperationNameGenerator : Generating unique operation named: saveUsingPOST_2
2017-09-28 18:39:51.348  INFO 1346 --- [    Test worker] .d.s.w.r.o.CachingOperationNameGenerator : Generating unique operation named: updateUsingPUT_2
2017-09-28 18:39:51.364  INFO 1346 --- [    Test worker] .d.s.w.r.o.CachingOperationNameGenerator : Generating unique operation named: countUsingGET_3
2017-09-28 18:39:51.389  INFO 1346 --- [    Test worker] .d.s.w.r.o.CachingOperationNameGenerator : Generating unique operation named: deleteUsingDELETE_3
2017-09-28 18:39:51.398  INFO 1346 --- [    Test worker] .d.s.w.r.o.CachingOperationNameGenerator : Generating unique operation named: findAllUsingGET_3
2017-09-28 18:39:51.410  INFO 1346 --- [    Test worker] .d.s.w.r.o.CachingOperationNameGenerator : Generating unique operation named: findByIdUsingGET_3
2017-09-28 18:39:51.419  INFO 1346 --- [    Test worker] .d.s.w.r.o.CachingOperationNameGenerator : Generating unique operation named: findByProcessoDoacaoIdUsingGET_2
2017-09-28 18:39:51.441  INFO 1346 --- [    Test worker] .d.s.w.r.o.CachingOperationNameGenerator : Generating unique operation named: saveUsingPOST_3
2017-09-28 18:39:51.454  INFO 1346 --- [    Test worker] .d.s.w.r.o.CachingOperationNameGenerator : Generating unique operation named: updateUsingPUT_3
2017-09-28 18:39:51.463  INFO 1346 --- [    Test worker] .d.s.w.r.o.CachingOperationNameGenerator : Generating unique operation named: countUsingGET_4
2017-09-28 18:39:51.489  INFO 1346 --- [    Test worker] .d.s.w.r.o.CachingOperationNameGenerator : Generating unique operation named: deleteUsingDELETE_4
2017-09-28 18:39:51.500  INFO 1346 --- [    Test worker] .d.s.w.r.o.CachingOperationNameGenerator : Generating unique operation named: findAllUsingGET_4
2017-09-28 18:39:51.509  INFO 1346 --- [    Test worker] .d.s.w.r.o.CachingOperationNameGenerator : Generating unique operation named: findByIdUsingGET_4
2017-09-28 18:39:51.521  INFO 1346 --- [    Test worker] .d.s.w.r.o.CachingOperationNameGenerator : Generating unique operation named: findByProcessoDoacaoIdUsingGET_3
2017-09-28 18:39:51.546  INFO 1346 --- [    Test worker] .d.s.w.r.o.CachingOperationNameGenerator : Generating unique operation named: saveUsingPOST_4
2017-09-28 18:39:51.558  INFO 1346 --- [    Test worker] .d.s.w.r.o.CachingOperationNameGenerator : Generating unique operation named: updateUsingPUT_4
2017-09-28 18:39:51.567  INFO 1346 --- [    Test worker] .d.s.w.r.o.CachingOperationNameGenerator : Generating unique operation named: countUsingGET_5
2017-09-28 18:39:51.581  INFO 1346 --- [    Test worker] .d.s.w.r.o.CachingOperationNameGenerator : Generating unique operation named: deleteUsingDELETE_5
2017-09-28 18:39:51.591  INFO 1346 --- [    Test worker] .d.s.w.r.o.CachingOperationNameGenerator : Generating unique operation named: findAllUsingGET_5
2017-09-28 18:39:51.603  INFO 1346 --- [    Test worker] .d.s.w.r.o.CachingOperationNameGenerator : Generating unique operation named: findByIdUsingGET_5
2017-09-28 18:39:51.613  INFO 1346 --- [    Test worker] .d.s.w.r.o.CachingOperationNameGenerator : Generating unique operation named: findByProcessoDoacaoIdUsingGET_4
2017-09-28 18:39:51.627  INFO 1346 --- [    Test worker] .d.s.w.r.o.CachingOperationNameGenerator : Generating unique operation named: saveUsingPOST_5
2017-09-28 18:39:51.641  INFO 1346 --- [    Test worker] .d.s.w.r.o.CachingOperationNameGenerator : Generating unique operation named: updateUsingPUT_5
2017-09-28 18:39:51.651  INFO 1346 --- [    Test worker] .d.s.w.r.o.CachingOperationNameGenerator : Generating unique operation named: countUsingGET_6
2017-09-28 18:39:51.662  INFO 1346 --- [    Test worker] .d.s.w.r.o.CachingOperationNameGenerator : Generating unique operation named: deleteUsingDELETE_6
2017-09-28 18:39:51.671  INFO 1346 --- [    Test worker] .d.s.w.r.o.CachingOperationNameGenerator : Generating unique operation named: findAllUsingGET_6
2017-09-28 18:39:51.683  INFO 1346 --- [    Test worker] .d.s.w.r.o.CachingOperationNameGenerator : Generating unique operation named: findByIdUsingGET_6
2017-09-28 18:39:51.693  INFO 1346 --- [    Test worker] .d.s.w.r.o.CachingOperationNameGenerator : Generating unique operation named: findByProcessoDoacaoIdUsingGET_5
2017-09-28 18:39:51.707  INFO 1346 --- [    Test worker] .d.s.w.r.o.CachingOperationNameGenerator : Generating unique operation named: saveUsingPOST_6
2017-09-28 18:39:51.719  INFO 1346 --- [    Test worker] .d.s.w.r.o.CachingOperationNameGenerator : Generating unique operation named: updateUsingPUT_6
2017-09-28 18:39:51.730  INFO 1346 --- [    Test worker] .d.s.w.r.o.CachingOperationNameGenerator : Generating unique operation named: countUsingGET_7
2017-09-28 18:39:51.746  INFO 1346 --- [    Test worker] .d.s.w.r.o.CachingOperationNameGenerator : Generating unique operation named: deleteUsingDELETE_7
2017-09-28 18:39:51.753  INFO 1346 --- [    Test worker] .d.s.w.r.o.CachingOperationNameGenerator : Generating unique operation named: findAllUsingGET_7
2017-09-28 18:39:51.763  INFO 1346 --- [    Test worker] .d.s.w.r.o.CachingOperationNameGenerator : Generating unique operation named: findByIdUsingGET_7
2017-09-28 18:39:51.774  INFO 1346 --- [    Test worker] .d.s.w.r.o.CachingOperationNameGenerator : Generating unique operation named: findByProcessoDoacaoIdUsingGET_6
2017-09-28 18:39:51.786  INFO 1346 --- [    Test worker] .d.s.w.r.o.CachingOperationNameGenerator : Generating unique operation named: saveUsingPOST_7
2017-09-28 18:39:51.798  INFO 1346 --- [    Test worker] .d.s.w.r.o.CachingOperationNameGenerator : Generating unique operation named: updateUsingPUT_7
2017-09-28 18:39:51.805  INFO 1346 --- [    Test worker] .d.s.w.r.o.CachingOperationNameGenerator : Generating unique operation named: countUsingGET_8
2017-09-28 18:39:51.817  INFO 1346 --- [    Test worker] .d.s.w.r.o.CachingOperationNameGenerator : Generating unique operation named: deleteUsingDELETE_8
2017-09-28 18:39:51.823  INFO 1346 --- [    Test worker] .d.s.w.r.o.CachingOperationNameGenerator : Generating unique operation named: findAllUsingGET_8
2017-09-28 18:39:51.833  INFO 1346 --- [    Test worker] .d.s.w.r.o.CachingOperationNameGenerator : Generating unique operation named: findByIdUsingGET_8
2017-09-28 18:39:51.840  INFO 1346 --- [    Test worker] .d.s.w.r.o.CachingOperationNameGenerator : Generating unique operation named: findByProcessoDoacaoIdUsingGET_7
2017-09-28 18:39:51.850  INFO 1346 --- [    Test worker] .d.s.w.r.o.CachingOperationNameGenerator : Generating unique operation named: saveUsingPOST_8
2017-09-28 18:39:51.858  INFO 1346 --- [    Test worker] .d.s.w.r.o.CachingOperationNameGenerator : Generating unique operation named: updateUsingPUT_8
2017-09-28 18:39:51.869  INFO 1346 --- [    Test worker] .d.s.w.r.o.CachingOperationNameGenerator : Generating unique operation named: countUsingGET_9
2017-09-28 18:39:51.933  INFO 1346 --- [    Test worker] .d.s.w.r.o.CachingOperationNameGenerator : Generating unique operation named: deleteUsingDELETE_9
2017-09-28 18:39:51.946  INFO 1346 --- [    Test worker] .d.s.w.r.o.CachingOperationNameGenerator : Generating unique operation named: findAllUsingGET_9
2017-09-28 18:39:51.963  INFO 1346 --- [    Test worker] .d.s.w.r.o.CachingOperationNameGenerator : Generating unique operation named: findByIdUsingGET_9
2017-09-28 18:39:51.985  INFO 1346 --- [    Test worker] .d.s.w.r.o.CachingOperationNameGenerator : Generating unique operation named: findByProcessoDoacaoIdUsingGET_8
2017-09-28 18:39:52.001  INFO 1346 --- [    Test worker] .d.s.w.r.o.CachingOperationNameGenerator : Generating unique operation named: saveUsingPOST_9
2017-09-28 18:39:52.014  INFO 1346 --- [    Test worker] .d.s.w.r.o.CachingOperationNameGenerator : Generating unique operation named: updateUsingPUT_9
2017-09-28 18:39:52.025  INFO 1346 --- [    Test worker] .d.s.w.r.o.CachingOperationNameGenerator : Generating unique operation named: countUsingGET_10
2017-09-28 18:39:52.045  INFO 1346 --- [    Test worker] .d.s.w.r.o.CachingOperationNameGenerator : Generating unique operation named: deleteUsingDELETE_10
2017-09-28 18:39:52.058  INFO 1346 --- [    Test worker] .d.s.w.r.o.CachingOperationNameGenerator : Generating unique operation named: findAllUsingGET_10
2017-09-28 18:39:52.084  INFO 1346 --- [    Test worker] .d.s.w.r.o.CachingOperationNameGenerator : Generating unique operation named: findByIdUsingGET_10
2017-09-28 18:39:52.100  INFO 1346 --- [    Test worker] .d.s.w.r.o.CachingOperationNameGenerator : Generating unique operation named: saveUsingPOST_10
2017-09-28 18:39:52.111  INFO 1346 --- [    Test worker] .d.s.w.r.o.CachingOperationNameGenerator : Generating unique operation named: updateUsingPUT_10
2017-09-28 18:39:52.122  INFO 1346 --- [    Test worker] .d.s.w.r.o.CachingOperationNameGenerator : Generating unique operation named: countUsingGET_11
2017-09-28 18:39:52.137  INFO 1346 --- [    Test worker] .d.s.w.r.o.CachingOperationNameGenerator : Generating unique operation named: deleteUsingDELETE_11
2017-09-28 18:39:52.148  INFO 1346 --- [    Test worker] .d.s.w.r.o.CachingOperationNameGenerator : Generating unique operation named: findAllUsingGET_11
2017-09-28 18:39:52.174  INFO 1346 --- [    Test worker] .d.s.w.r.o.CachingOperationNameGenerator : Generating unique operation named: findByIdUsingGET_11
2017-09-28 18:39:52.192  INFO 1346 --- [    Test worker] .d.s.w.r.o.CachingOperationNameGenerator : Generating unique operation named: saveUsingPOST_11
2017-09-28 18:39:52.206  INFO 1346 --- [    Test worker] .d.s.w.r.o.CachingOperationNameGenerator : Generating unique operation named: updateUsingPUT_11
2017-09-28 18:39:52.217  INFO 1346 --- [    Test worker] .d.s.w.r.o.CachingOperationNameGenerator : Generating unique operation named: countUsingGET_12
2017-09-28 18:39:52.235  INFO 1346 --- [    Test worker] .d.s.w.r.o.CachingOperationNameGenerator : Generating unique operation named: deleteUsingDELETE_12
2017-09-28 18:39:52.245  INFO 1346 --- [    Test worker] .d.s.w.r.o.CachingOperationNameGenerator : Generating unique operation named: findAllUsingGET_12
2017-09-28 18:39:52.256  INFO 1346 --- [    Test worker] .d.s.w.r.o.CachingOperationNameGenerator : Generating unique operation named: findByIdUsingGET_12
2017-09-28 18:39:52.268  INFO 1346 --- [    Test worker] .d.s.w.r.o.CachingOperationNameGenerator : Generating unique operation named: findByProcessoDoacaoIdUsingGET_9
2017-09-28 18:39:52.285  INFO 1346 --- [    Test worker] .d.s.w.r.o.CachingOperationNameGenerator : Generating unique operation named: saveUsingPOST_12
2017-09-28 18:39:52.296  INFO 1346 --- [    Test worker] .d.s.w.r.o.CachingOperationNameGenerator : Generating unique operation named: updateUsingPUT_12
2017-09-28 18:39:52.306  INFO 1346 --- [    Test worker] .d.s.w.r.o.CachingOperationNameGenerator : Generating unique operation named: countUsingGET_13
2017-09-28 18:39:52.319  INFO 1346 --- [    Test worker] .d.s.w.r.o.CachingOperationNameGenerator : Generating unique operation named: deleteUsingDELETE_13
2017-09-28 18:39:52.328  INFO 1346 --- [    Test worker] .d.s.w.r.o.CachingOperationNameGenerator : Generating unique operation named: findAllUsingGET_13
2017-09-28 18:39:52.339  INFO 1346 --- [    Test worker] .d.s.w.r.o.CachingOperationNameGenerator : Generating unique operation named: findByIdUsingGET_13
2017-09-28 18:39:52.353  INFO 1346 --- [    Test worker] .d.s.w.r.o.CachingOperationNameGenerator : Generating unique operation named: saveUsingPOST_13
2017-09-28 18:39:52.364  INFO 1346 --- [    Test worker] .d.s.w.r.o.CachingOperationNameGenerator : Generating unique operation named: updateUsingPUT_13
2017-09-28 18:39:52.379  INFO 1346 --- [    Test worker] .d.s.w.r.o.CachingOperationNameGenerator : Generating unique operation named: countUsingGET_14
2017-09-28 18:39:52.390  INFO 1346 --- [    Test worker] .d.s.w.r.o.CachingOperationNameGenerator : Generating unique operation named: deleteUsingDELETE_14
2017-09-28 18:39:52.403  INFO 1346 --- [    Test worker] .d.s.w.r.o.CachingOperationNameGenerator : Generating unique operation named: findAllUsingGET_14
2017-09-28 18:39:52.415  INFO 1346 --- [    Test worker] .d.s.w.r.o.CachingOperationNameGenerator : Generating unique operation named: findByIdUsingGET_14
2017-09-28 18:39:52.428  INFO 1346 --- [    Test worker] .d.s.w.r.o.CachingOperationNameGenerator : Generating unique operation named: saveUsingPOST_14
2017-09-28 18:39:52.440  INFO 1346 --- [    Test worker] .d.s.w.r.o.CachingOperationNameGenerator : Generating unique operation named: updateUsingPUT_14
2017-09-28 18:39:52.461  INFO 1346 --- [    Test worker] .d.s.w.r.o.CachingOperationNameGenerator : Generating unique operation named: countUsingGET_15
2017-09-28 18:39:52.479  INFO 1346 --- [    Test worker] .d.s.w.r.o.CachingOperationNameGenerator : Generating unique operation named: deleteUsingDELETE_15
2017-09-28 18:39:52.494  INFO 1346 --- [    Test worker] .d.s.w.r.o.CachingOperationNameGenerator : Generating unique operation named: findAllUsingGET_15
2017-09-28 18:39:52.506  INFO 1346 --- [    Test worker] .d.s.w.r.o.CachingOperationNameGenerator : Generating unique operation named: findByIdUsingGET_15
2017-09-28 18:39:52.513  INFO 1346 --- [    Test worker] .d.s.w.r.o.CachingOperationNameGenerator : Generating unique operation named: findByProcessoDoacaoIdUsingGET_10
2017-09-28 18:39:52.525  INFO 1346 --- [    Test worker] .d.s.w.r.o.CachingOperationNameGenerator : Generating unique operation named: saveUsingPOST_15
2017-09-28 18:39:52.534  INFO 1346 --- [    Test worker] .d.s.w.r.o.CachingOperationNameGenerator : Generating unique operation named: updateUsingPUT_15
2017-09-28 18:39:52.545  INFO 1346 --- [    Test worker] .d.s.w.r.o.CachingOperationNameGenerator : Generating unique operation named: countUsingGET_16
2017-09-28 18:39:52.559  INFO 1346 --- [    Test worker] .d.s.w.r.o.CachingOperationNameGenerator : Generating unique operation named: deleteUsingDELETE_16
2017-09-28 18:39:52.568  INFO 1346 --- [    Test worker] .d.s.w.r.o.CachingOperationNameGenerator : Generating unique operation named: findAllUsingGET_16
2017-09-28 18:39:52.579  INFO 1346 --- [    Test worker] .d.s.w.r.o.CachingOperationNameGenerator : Generating unique operation named: findByIdUsingGET_16
2017-09-28 18:39:52.589  INFO 1346 --- [    Test worker] .d.s.w.r.o.CachingOperationNameGenerator : Generating unique operation named: findByProcessoDoacaoIdUsingGET_11
2017-09-28 18:39:52.607  INFO 1346 --- [    Test worker] .d.s.w.r.o.CachingOperationNameGenerator : Generating unique operation named: saveUsingPOST_16
2017-09-28 18:39:52.618  INFO 1346 --- [    Test worker] .d.s.w.r.o.CachingOperationNameGenerator : Generating unique operation named: updateUsingPUT_16
2017-09-28 18:39:52.627  INFO 1346 --- [    Test worker] .d.s.w.r.o.CachingOperationNameGenerator : Generating unique operation named: countUsingGET_17
2017-09-28 18:39:52.640  INFO 1346 --- [    Test worker] .d.s.w.r.o.CachingOperationNameGenerator : Generating unique operation named: deleteUsingDELETE_17
2017-09-28 18:39:52.649  INFO 1346 --- [    Test worker] .d.s.w.r.o.CachingOperationNameGenerator : Generating unique operation named: findAllUsingGET_17
2017-09-28 18:39:52.664  INFO 1346 --- [    Test worker] .d.s.w.r.o.CachingOperationNameGenerator : Generating unique operation named: findByIdUsingGET_17
2017-09-28 18:39:52.673  INFO 1346 --- [    Test worker] .d.s.w.r.o.CachingOperationNameGenerator : Generating unique operation named: saveUsingPOST_17
2017-09-28 18:39:52.684  INFO 1346 --- [    Test worker] .d.s.w.r.o.CachingOperationNameGenerator : Generating unique operation named: updateUsingPUT_17
2017-09-28 18:39:52.694  INFO 1346 --- [    Test worker] .d.s.w.r.o.CachingOperationNameGenerator : Generating unique operation named: countUsingGET_18
2017-09-28 18:39:52.708  INFO 1346 --- [    Test worker] .d.s.w.r.o.CachingOperationNameGenerator : Generating unique operation named: deleteUsingDELETE_18
2017-09-28 18:39:52.719  INFO 1346 --- [    Test worker] .d.s.w.r.o.CachingOperationNameGenerator : Generating unique operation named: findAllUsingGET_18
2017-09-28 18:39:52.737  INFO 1346 --- [    Test worker] .d.s.w.r.o.CachingOperationNameGenerator : Generating unique operation named: findByIdUsingGET_18
2017-09-28 18:39:52.750  INFO 1346 --- [    Test worker] .d.s.w.r.o.CachingOperationNameGenerator : Generating unique operation named: findByProcessoDoacaoIdUsingGET_12
2017-09-28 18:39:52.763  INFO 1346 --- [    Test worker] .d.s.w.r.o.CachingOperationNameGenerator : Generating unique operation named: saveUsingPOST_18
2017-09-28 18:39:52.772  INFO 1346 --- [    Test worker] .d.s.w.r.o.CachingOperationNameGenerator : Generating unique operation named: updateUsingPUT_18
2017-09-28 18:39:52.810  INFO 1346 --- [    Test worker] c.s.florence.FlorenceApplicationTests    : Started FlorenceApplicationTests in 15.257 seconds (JVM running for 16.279)
]]></system-out>
  <system-err><![CDATA[]]></system-err>
</testsuite>
